[3.341s] Invoking command in '/home/wiredauv2024/AUV/WIRED24-25/ros2/src/auv': PYTHONPATH=/home/wiredauv2024/AUV/WIRED24-25/ros2/build/auv/prefix_override:/usr/lib/python3/dist-packages/colcon_core/task/python/colcon_distutils_commands:/home/wiredauv2024/AUV/WIRED24-25/ros2/install/auv/lib/python3.8/site-packages:${PYTHONPATH} /usr/bin/python3 -W ignore:setup.py install is deprecated -W ignore:easy_install command is deprecated setup.py egg_info --egg-base ../../build/auv build --build-base /home/wiredauv2024/AUV/WIRED24-25/ros2/build/auv/build install --record /home/wiredauv2024/AUV/WIRED24-25/ros2/build/auv/install.log --single-version-externally-managed install_data
[3.952s] running egg_info
[3.953s] writing ../../build/auv/auv.egg-info/PKG-INFO
[3.953s] writing dependency_links to ../../build/auv/auv.egg-info/dependency_links.txt
[3.954s] writing entry points to ../../build/auv/auv.egg-info/entry_points.txt
[3.954s] writing requirements to ../../build/auv/auv.egg-info/requires.txt
[3.954s] writing top-level names to ../../build/auv/auv.egg-info/top_level.txt
[3.962s] reading manifest file '../../build/auv/auv.egg-info/SOURCES.txt'
[3.964s] writing manifest file '../../build/auv/auv.egg-info/SOURCES.txt'
[3.964s] running build
[3.964s] running build_py
[3.965s] copying auv/vn_pub.py -> /home/wiredauv2024/AUV/WIRED24-25/ros2/build/auv/build/lib/auv
[3.965s] running install
[3.967s] running install_lib
[3.970s] copying /home/wiredauv2024/AUV/WIRED24-25/ros2/build/auv/build/lib/auv/vn_pub.py -> /home/wiredauv2024/AUV/WIRED24-25/ros2/install/auv/lib/python3.8/site-packages/auv
[3.971s] byte-compiling /home/wiredauv2024/AUV/WIRED24-25/ros2/install/auv/lib/python3.8/site-packages/auv/vn_pub.py to vn_pub.cpython-38.pyc
[3.972s] Sorry: IndentationError: unindent does not match any outer indentation level (vn_pub.py, line 20)
[3.972s] running install_data
[3.972s] running install_egg_info
[3.976s] removing '/home/wiredauv2024/AUV/WIRED24-25/ros2/install/auv/lib/python3.8/site-packages/auv-0.0.0-py3.8.egg-info' (and everything under it)
[3.977s] Copying ../../build/auv/auv.egg-info to /home/wiredauv2024/AUV/WIRED24-25/ros2/install/auv/lib/python3.8/site-packages/auv-0.0.0-py3.8.egg-info
[3.980s] running install_scripts
[4.033s] Installing vn_pub script to /home/wiredauv2024/AUV/WIRED24-25/ros2/install/auv/lib/auv
[4.034s] writing list of installed files to '/home/wiredauv2024/AUV/WIRED24-25/ros2/build/auv/install.log'
[4.150s] Invoked command in '/home/wiredauv2024/AUV/WIRED24-25/ros2/src/auv' returned '0': PYTHONPATH=/home/wiredauv2024/AUV/WIRED24-25/ros2/build/auv/prefix_override:/usr/lib/python3/dist-packages/colcon_core/task/python/colcon_distutils_commands:/home/wiredauv2024/AUV/WIRED24-25/ros2/install/auv/lib/python3.8/site-packages:${PYTHONPATH} /usr/bin/python3 -W ignore:setup.py install is deprecated -W ignore:easy_install command is deprecated setup.py egg_info --egg-base ../../build/auv build --build-base /home/wiredauv2024/AUV/WIRED24-25/ros2/build/auv/build install --record /home/wiredauv2024/AUV/WIRED24-25/ros2/build/auv/install.log --single-version-externally-managed install_data
