[0.080s] Invoking command in '/home/wiredauv2024/AUV/WIRED24-25/ros2/build/auv': CMAKE_PREFIX_PATH=/opt/ros/galactic /usr/bin/cmake /home/wiredauv2024/AUV/WIRED24-25/ros2/src/auv -DCMAKE_INSTALL_PREFIX=/home/wiredauv2024/AUV/WIRED24-25/ros2/install/auv
[0.819s] -- The C compiler identification is GNU 9.4.0
[0.820s] -- The CXX compiler identification is GNU 9.4.0
[0.820s] -- Check for working C compiler: /usr/bin/cc
[0.821s] -- Check for working C compiler: /usr/bin/cc -- works
[0.821s] -- Detecting C compiler ABI info
[0.896s] -- Detecting C compiler ABI info - done
[0.915s] -- Detecting C compile features
[0.915s] -- Detecting C compile features - done
[0.922s] -- Check for working CXX compiler: /usr/bin/c++
[1.149s] -- Check for working CXX compiler: /usr/bin/c++ -- works
[1.152s] -- Detecting CXX compiler ABI info
[1.418s] -- Detecting CXX compiler ABI info - done
[1.445s] -- Detecting CXX compile features
[1.446s] -- Detecting CXX compile features - done
[1.451s] -- Found ament_cmake: 1.1.6 (/opt/ros/galactic/share/ament_cmake/cmake)
[1.518s] -- Found PythonInterp: /usr/bin/python3 (found suitable version "3.8.10", minimum required is "3") 
[1.518s] -- Using PYTHON_EXECUTABLE: /usr/bin/python3
[1.702s] -- Found ament_lint_auto: 0.10.7 (/opt/ros/galactic/share/ament_lint_auto/cmake)
[1.883s] -- Added test 'copyright' to check source files copyright and LICENSE
[1.886s] -- Added test 'lint_cmake' to check CMake code style
[1.888s] -- Added test 'xmllint' to check XML markup files
[1.892s] -- Configuring done
[1.897s] -- Generating done
[1.900s] -- Build files have been written to: /home/wiredauv2024/AUV/WIRED24-25/ros2/build/auv
[1.917s] Invoked command in '/home/wiredauv2024/AUV/WIRED24-25/ros2/build/auv' returned '0': CMAKE_PREFIX_PATH=/opt/ros/galactic /usr/bin/cmake /home/wiredauv2024/AUV/WIRED24-25/ros2/src/auv -DCMAKE_INSTALL_PREFIX=/home/wiredauv2024/AUV/WIRED24-25/ros2/install/auv
[1.924s] Invoking command in '/home/wiredauv2024/AUV/WIRED24-25/ros2/build/auv': CMAKE_PREFIX_PATH=/opt/ros/galactic /usr/bin/cmake --build /home/wiredauv2024/AUV/WIRED24-25/ros2/build/auv -- -j6 -l6
[2.038s] Invoked command in '/home/wiredauv2024/AUV/WIRED24-25/ros2/build/auv' returned '0': CMAKE_PREFIX_PATH=/opt/ros/galactic /usr/bin/cmake --build /home/wiredauv2024/AUV/WIRED24-25/ros2/build/auv -- -j6 -l6
[2.046s] Invoking command in '/home/wiredauv2024/AUV/WIRED24-25/ros2/build/auv': CMAKE_PREFIX_PATH=/opt/ros/galactic /usr/bin/cmake --install /home/wiredauv2024/AUV/WIRED24-25/ros2/build/auv
[2.072s] -- Install configuration: ""
[2.072s] -- Installing: /home/wiredauv2024/AUV/WIRED24-25/ros2/install/auv/share/ament_index/resource_index/package_run_dependencies/auv
[2.072s] -- Installing: /home/wiredauv2024/AUV/WIRED24-25/ros2/install/auv/share/ament_index/resource_index/parent_prefix_path/auv
[2.073s] -- Installing: /home/wiredauv2024/AUV/WIRED24-25/ros2/install/auv/share/auv/environment/ament_prefix_path.sh
[2.073s] -- Installing: /home/wiredauv2024/AUV/WIRED24-25/ros2/install/auv/share/auv/environment/ament_prefix_path.dsv
[2.073s] -- Installing: /home/wiredauv2024/AUV/WIRED24-25/ros2/install/auv/share/auv/environment/path.sh
[2.073s] -- Installing: /home/wiredauv2024/AUV/WIRED24-25/ros2/install/auv/share/auv/environment/path.dsv
[2.074s] -- Installing: /home/wiredauv2024/AUV/WIRED24-25/ros2/install/auv/share/auv/local_setup.bash
[2.074s] -- Installing: /home/wiredauv2024/AUV/WIRED24-25/ros2/install/auv/share/auv/local_setup.sh
[2.074s] -- Installing: /home/wiredauv2024/AUV/WIRED24-25/ros2/install/auv/share/auv/local_setup.zsh
[2.075s] -- Installing: /home/wiredauv2024/AUV/WIRED24-25/ros2/install/auv/share/auv/local_setup.dsv
[2.075s] -- Installing: /home/wiredauv2024/AUV/WIRED24-25/ros2/install/auv/share/auv/package.dsv
[2.075s] -- Installing: /home/wiredauv2024/AUV/WIRED24-25/ros2/install/auv/share/ament_index/resource_index/packages/auv
[2.076s] -- Installing: /home/wiredauv2024/AUV/WIRED24-25/ros2/install/auv/share/auv/cmake/auvConfig.cmake
[2.076s] -- Installing: /home/wiredauv2024/AUV/WIRED24-25/ros2/install/auv/share/auv/cmake/auvConfig-version.cmake
[2.076s] -- Installing: /home/wiredauv2024/AUV/WIRED24-25/ros2/install/auv/share/auv/package.xml
[2.084s] Invoked command in '/home/wiredauv2024/AUV/WIRED24-25/ros2/build/auv' returned '0': CMAKE_PREFIX_PATH=/opt/ros/galactic /usr/bin/cmake --install /home/wiredauv2024/AUV/WIRED24-25/ros2/build/auv
