[2.009s] Invoking command in '/home/wiredauv2024/AUV/WIRED24-25/ros2/build/turtlesim': CMAKE_PREFIX_PATH=${CMAKE_PREFIX_PATH}:/home/wiredauv2024/AUV/WIRED24-25/ros2/install/py_pubsub:/opt/ros/galactic /usr/bin/cmake --build /home/wiredauv2024/AUV/WIRED24-25/ros2/build/turtlesim -- -j6 -l6
[2.556s] [  1%] Built target turtlesim__cpp
[2.569s] [ 11%] Built target turtlesim__rosidl_generator_c
[2.925s] [ 31%] Built target turtlesim__rosidl_typesupport_introspection_c
[2.926s] [ 31%] Built target turtlesim__rosidl_typesupport_cpp
[2.942s] [ 51%] Built target turtlesim__rosidl_typesupport_c
[2.942s] [ 51%] Built target turtlesim__rosidl_typesupport_introspection_cpp
[2.954s] [ 61%] Built target turtlesim__rosidl_typesupport_fastrtps_cpp
[3.321s] [ 71%] Built target turtlesim__rosidl_typesupport_fastrtps_c
[3.653s] [ 71%] Built target turtlesim
[3.898s] [ 75%] Built target turtlesim__py
[3.904s] [ 76%] Built target turtle_teleop_key
[3.906s] [ 75%] Built target mimic
[3.906s] [ 78%] Built target draw_square
[4.082s] [ 84%] Built target turtlesim_node
[4.144s] [ 93%] Built target turtlesim__python
[4.484s] [100%] Built target turtlesim__rosidl_typesupport_fastrtps_c__pyext
[4.484s] [100%] Built target turtlesim__rosidl_typesupport_c__pyext
[4.484s] [100%] Built target turtlesim__rosidl_typesupport_introspection_c__pyext
[4.517s] Invoked command in '/home/wiredauv2024/AUV/WIRED24-25/ros2/build/turtlesim' returned '0': CMAKE_PREFIX_PATH=${CMAKE_PREFIX_PATH}:/home/wiredauv2024/AUV/WIRED24-25/ros2/install/py_pubsub:/opt/ros/galactic /usr/bin/cmake --build /home/wiredauv2024/AUV/WIRED24-25/ros2/build/turtlesim -- -j6 -l6
[4.671s] Invoking command in '/home/wiredauv2024/AUV/WIRED24-25/ros2/build/turtlesim': CMAKE_PREFIX_PATH=${CMAKE_PREFIX_PATH}:/home/wiredauv2024/AUV/WIRED24-25/ros2/install/py_pubsub:/opt/ros/galactic /usr/bin/cmake --install /home/wiredauv2024/AUV/WIRED24-25/ros2/build/turtlesim
[4.840s] -- Install configuration: ""
[4.840s] -- Up-to-date: /home/wiredauv2024/AUV/WIRED24-25/ros2/install/turtlesim/share/ament_index/resource_index/rosidl_interfaces/turtlesim
[4.841s] -- Up-to-date: /home/wiredauv2024/AUV/WIRED24-25/ros2/install/turtlesim/include/turtlesim
[4.841s] -- Up-to-date: /home/wiredauv2024/AUV/WIRED24-25/ros2/install/turtlesim/include/turtlesim/msg
[4.841s] -- Up-to-date: /home/wiredauv2024/AUV/WIRED24-25/ros2/install/turtlesim/include/turtlesim/msg/rosidl_generator_c__visibility_control.h
[4.841s] -- Up-to-date: /home/wiredauv2024/AUV/WIRED24-25/ros2/install/turtlesim/include/turtlesim/msg/detail
[4.841s] -- Up-to-date: /home/wiredauv2024/AUV/WIRED24-25/ros2/install/turtlesim/include/turtlesim/msg/detail/pose__functions.h
[4.842s] -- Up-to-date: /home/wiredauv2024/AUV/WIRED24-25/ros2/install/turtlesim/include/turtlesim/msg/detail/pose__struct.h
[4.842s] -- Up-to-date: /home/wiredauv2024/AUV/WIRED24-25/ros2/install/turtlesim/include/turtlesim/msg/detail/color__functions.h
[4.842s] -- Up-to-date: /home/wiredauv2024/AUV/WIRED24-25/ros2/install/turtlesim/include/turtlesim/msg/detail/color__type_support.h
[4.842s] -- Up-to-date: /home/wiredauv2024/AUV/WIRED24-25/ros2/install/turtlesim/include/turtlesim/msg/detail/pose__type_support.h
[4.842s] -- Up-to-date: /home/wiredauv2024/AUV/WIRED24-25/ros2/install/turtlesim/include/turtlesim/msg/detail/color__struct.h
[4.843s] -- Up-to-date: /home/wiredauv2024/AUV/WIRED24-25/ros2/install/turtlesim/include/turtlesim/msg/detail/pose__functions.c
[4.843s] -- Up-to-date: /home/wiredauv2024/AUV/WIRED24-25/ros2/install/turtlesim/include/turtlesim/msg/detail/color__functions.c
[4.844s] -- Up-to-date: /home/wiredauv2024/AUV/WIRED24-25/ros2/install/turtlesim/include/turtlesim/msg/pose.h
[4.844s] -- Up-to-date: /home/wiredauv2024/AUV/WIRED24-25/ros2/install/turtlesim/include/turtlesim/msg/color.h
[4.844s] -- Up-to-date: /home/wiredauv2024/AUV/WIRED24-25/ros2/install/turtlesim/include/turtlesim/srv
[4.844s] -- Up-to-date: /home/wiredauv2024/AUV/WIRED24-25/ros2/install/turtlesim/include/turtlesim/srv/kill.h
[4.844s] -- Up-to-date: /home/wiredauv2024/AUV/WIRED24-25/ros2/install/turtlesim/include/turtlesim/srv/teleport_relative.h
[4.845s] -- Up-to-date: /home/wiredauv2024/AUV/WIRED24-25/ros2/install/turtlesim/include/turtlesim/srv/detail
[4.845s] -- Up-to-date: /home/wiredauv2024/AUV/WIRED24-25/ros2/install/turtlesim/include/turtlesim/srv/detail/kill__struct.h
[4.845s] -- Up-to-date: /home/wiredauv2024/AUV/WIRED24-25/ros2/install/turtlesim/include/turtlesim/srv/detail/spawn__functions.h
[4.845s] -- Up-to-date: /home/wiredauv2024/AUV/WIRED24-25/ros2/install/turtlesim/include/turtlesim/srv/detail/spawn__functions.c
[4.845s] -- Up-to-date: /home/wiredauv2024/AUV/WIRED24-25/ros2/install/turtlesim/include/turtlesim/srv/detail/kill__functions.c
[4.845s] -- Up-to-date: /home/wiredauv2024/AUV/WIRED24-25/ros2/install/turtlesim/include/turtlesim/srv/detail/set_pen__struct.h
[4.846s] -- Up-to-date: /home/wiredauv2024/AUV/WIRED24-25/ros2/install/turtlesim/include/turtlesim/srv/detail/teleport_absolute__type_support.h
[4.846s] -- Up-to-date: /home/wiredauv2024/AUV/WIRED24-25/ros2/install/turtlesim/include/turtlesim/srv/detail/kill__type_support.h
[4.846s] -- Up-to-date: /home/wiredauv2024/AUV/WIRED24-25/ros2/install/turtlesim/include/turtlesim/srv/detail/teleport_absolute__functions.h
[4.846s] -- Up-to-date: /home/wiredauv2024/AUV/WIRED24-25/ros2/install/turtlesim/include/turtlesim/srv/detail/spawn__struct.h
[4.846s] -- Up-to-date: /home/wiredauv2024/AUV/WIRED24-25/ros2/install/turtlesim/include/turtlesim/srv/detail/teleport_absolute__struct.h
[4.846s] -- Up-to-date: /home/wiredauv2024/AUV/WIRED24-25/ros2/install/turtlesim/include/turtlesim/srv/detail/teleport_relative__type_support.h
[4.846s] -- Up-to-date: /home/wiredauv2024/AUV/WIRED24-25/ros2/install/turtlesim/include/turtlesim/srv/detail/spawn__type_support.h
[4.847s] -- Up-to-date: /home/wiredauv2024/AUV/WIRED24-25/ros2/install/turtlesim/include/turtlesim/srv/detail/teleport_relative__functions.h
[4.847s] -- Up-to-date: /home/wiredauv2024/AUV/WIRED24-25/ros2/install/turtlesim/include/turtlesim/srv/detail/kill__functions.h
[4.847s] -- Up-to-date: /home/wiredauv2024/AUV/WIRED24-25/ros2/install/turtlesim/include/turtlesim/srv/detail/teleport_relative__functions.c
[4.847s] -- Up-to-date: /home/wiredauv2024/AUV/WIRED24-25/ros2/install/turtlesim/include/turtlesim/srv/detail/set_pen__type_support.h
[4.847s] -- Up-to-date: /home/wiredauv2024/AUV/WIRED24-25/ros2/install/turtlesim/include/turtlesim/srv/detail/set_pen__functions.c
[4.847s] -- Up-to-date: /home/wiredauv2024/AUV/WIRED24-25/ros2/install/turtlesim/include/turtlesim/srv/detail/teleport_absolute__functions.c
[4.847s] -- Up-to-date: /home/wiredauv2024/AUV/WIRED24-25/ros2/install/turtlesim/include/turtlesim/srv/detail/teleport_relative__struct.h
[4.848s] -- Up-to-date: /home/wiredauv2024/AUV/WIRED24-25/ros2/install/turtlesim/include/turtlesim/srv/detail/set_pen__functions.h
[4.848s] -- Up-to-date: /home/wiredauv2024/AUV/WIRED24-25/ros2/install/turtlesim/include/turtlesim/srv/teleport_absolute.h
[4.848s] -- Up-to-date: /home/wiredauv2024/AUV/WIRED24-25/ros2/install/turtlesim/include/turtlesim/srv/spawn.h
[4.848s] -- Up-to-date: /home/wiredauv2024/AUV/WIRED24-25/ros2/install/turtlesim/include/turtlesim/srv/set_pen.h
[4.848s] -- Up-to-date: /home/wiredauv2024/AUV/WIRED24-25/ros2/install/turtlesim/include/turtlesim/action
[4.849s] -- Up-to-date: /home/wiredauv2024/AUV/WIRED24-25/ros2/install/turtlesim/include/turtlesim/action/detail
[4.849s] -- Up-to-date: /home/wiredauv2024/AUV/WIRED24-25/ros2/install/turtlesim/include/turtlesim/action/detail/rotate_absolute__type_support.h
[4.849s] -- Up-to-date: /home/wiredauv2024/AUV/WIRED24-25/ros2/install/turtlesim/include/turtlesim/action/detail/rotate_absolute__functions.c
[4.849s] -- Up-to-date: /home/wiredauv2024/AUV/WIRED24-25/ros2/install/turtlesim/include/turtlesim/action/detail/rotate_absolute__struct.h
[4.849s] -- Up-to-date: /home/wiredauv2024/AUV/WIRED24-25/ros2/install/turtlesim/include/turtlesim/action/detail/rotate_absolute__functions.h
[4.849s] -- Up-to-date: /home/wiredauv2024/AUV/WIRED24-25/ros2/install/turtlesim/include/turtlesim/action/rotate_absolute.h
[4.849s] -- Up-to-date: /home/wiredauv2024/AUV/WIRED24-25/ros2/install/turtlesim/share/turtlesim/environment/library_path.sh
[4.850s] -- Up-to-date: /home/wiredauv2024/AUV/WIRED24-25/ros2/install/turtlesim/share/turtlesim/environment/library_path.dsv
[4.850s] -- Up-to-date: /home/wiredauv2024/AUV/WIRED24-25/ros2/install/turtlesim/lib/libturtlesim__rosidl_generator_c.so
[4.850s] -- Up-to-date: /home/wiredauv2024/AUV/WIRED24-25/ros2/install/turtlesim/include/turtlesim
[4.850s] -- Up-to-date: /home/wiredauv2024/AUV/WIRED24-25/ros2/install/turtlesim/include/turtlesim/msg
[4.850s] -- Up-to-date: /home/wiredauv2024/AUV/WIRED24-25/ros2/install/turtlesim/include/turtlesim/msg/detail
[4.850s] -- Up-to-date: /home/wiredauv2024/AUV/WIRED24-25/ros2/install/turtlesim/include/turtlesim/msg/detail/pose__rosidl_typesupport_fastrtps_c.h
[4.851s] -- Up-to-date: /home/wiredauv2024/AUV/WIRED24-25/ros2/install/turtlesim/include/turtlesim/msg/detail/color__rosidl_typesupport_fastrtps_c.h
[4.851s] -- Up-to-date: /home/wiredauv2024/AUV/WIRED24-25/ros2/install/turtlesim/include/turtlesim/msg/rosidl_typesupport_fastrtps_c__visibility_control.h
[4.851s] -- Up-to-date: /home/wiredauv2024/AUV/WIRED24-25/ros2/install/turtlesim/include/turtlesim/srv
[4.851s] -- Up-to-date: /home/wiredauv2024/AUV/WIRED24-25/ros2/install/turtlesim/include/turtlesim/srv/detail
[4.851s] -- Up-to-date: /home/wiredauv2024/AUV/WIRED24-25/ros2/install/turtlesim/include/turtlesim/srv/detail/set_pen__rosidl_typesupport_fastrtps_c.h
[4.851s] -- Up-to-date: /home/wiredauv2024/AUV/WIRED24-25/ros2/install/turtlesim/include/turtlesim/srv/detail/teleport_relative__rosidl_typesupport_fastrtps_c.h
[4.852s] -- Up-to-date: /home/wiredauv2024/AUV/WIRED24-25/ros2/install/turtlesim/include/turtlesim/srv/detail/kill__rosidl_typesupport_fastrtps_c.h
[4.852s] -- Up-to-date: /home/wiredauv2024/AUV/WIRED24-25/ros2/install/turtlesim/include/turtlesim/srv/detail/spawn__rosidl_typesupport_fastrtps_c.h
[4.852s] -- Up-to-date: /home/wiredauv2024/AUV/WIRED24-25/ros2/install/turtlesim/include/turtlesim/srv/detail/teleport_absolute__rosidl_typesupport_fastrtps_c.h
[4.852s] -- Up-to-date: /home/wiredauv2024/AUV/WIRED24-25/ros2/install/turtlesim/include/turtlesim/action
[4.852s] -- Up-to-date: /home/wiredauv2024/AUV/WIRED24-25/ros2/install/turtlesim/include/turtlesim/action/detail
[4.853s] -- Up-to-date: /home/wiredauv2024/AUV/WIRED24-25/ros2/install/turtlesim/include/turtlesim/action/detail/rotate_absolute__rosidl_typesupport_fastrtps_c.h
[4.853s] -- Up-to-date: /home/wiredauv2024/AUV/WIRED24-25/ros2/install/turtlesim/lib/libturtlesim__rosidl_typesupport_fastrtps_c.so
[4.853s] -- Up-to-date: /home/wiredauv2024/AUV/WIRED24-25/ros2/install/turtlesim/include/turtlesim
[4.853s] -- Up-to-date: /home/wiredauv2024/AUV/WIRED24-25/ros2/install/turtlesim/include/turtlesim/msg
[4.853s] -- Up-to-date: /home/wiredauv2024/AUV/WIRED24-25/ros2/install/turtlesim/include/turtlesim/msg/rosidl_typesupport_fastrtps_cpp__visibility_control.h
[4.853s] -- Up-to-date: /home/wiredauv2024/AUV/WIRED24-25/ros2/install/turtlesim/include/turtlesim/msg/detail
[4.853s] -- Up-to-date: /home/wiredauv2024/AUV/WIRED24-25/ros2/install/turtlesim/include/turtlesim/msg/detail/color__rosidl_typesupport_fastrtps_cpp.hpp
[4.853s] -- Up-to-date: /home/wiredauv2024/AUV/WIRED24-25/ros2/install/turtlesim/include/turtlesim/msg/detail/pose__rosidl_typesupport_fastrtps_cpp.hpp
[4.854s] -- Up-to-date: /home/wiredauv2024/AUV/WIRED24-25/ros2/install/turtlesim/include/turtlesim/msg/detail/dds_fastrtps
[4.854s] -- Up-to-date: /home/wiredauv2024/AUV/WIRED24-25/ros2/install/turtlesim/include/turtlesim/srv
[4.854s] -- Up-to-date: /home/wiredauv2024/AUV/WIRED24-25/ros2/install/turtlesim/include/turtlesim/srv/detail
[4.854s] -- Up-to-date: /home/wiredauv2024/AUV/WIRED24-25/ros2/install/turtlesim/include/turtlesim/srv/detail/teleport_absolute__rosidl_typesupport_fastrtps_cpp.hpp
[4.854s] -- Up-to-date: /home/wiredauv2024/AUV/WIRED24-25/ros2/install/turtlesim/include/turtlesim/srv/detail/spawn__rosidl_typesupport_fastrtps_cpp.hpp
[4.854s] -- Up-to-date: /home/wiredauv2024/AUV/WIRED24-25/ros2/install/turtlesim/include/turtlesim/srv/detail/kill__rosidl_typesupport_fastrtps_cpp.hpp
[4.855s] -- Up-to-date: /home/wiredauv2024/AUV/WIRED24-25/ros2/install/turtlesim/include/turtlesim/srv/detail/teleport_relative__rosidl_typesupport_fastrtps_cpp.hpp
[4.855s] -- Up-to-date: /home/wiredauv2024/AUV/WIRED24-25/ros2/install/turtlesim/include/turtlesim/srv/detail/set_pen__rosidl_typesupport_fastrtps_cpp.hpp
[4.855s] -- Up-to-date: /home/wiredauv2024/AUV/WIRED24-25/ros2/install/turtlesim/include/turtlesim/srv/detail/dds_fastrtps
[4.855s] -- Up-to-date: /home/wiredauv2024/AUV/WIRED24-25/ros2/install/turtlesim/include/turtlesim/action
[4.855s] -- Up-to-date: /home/wiredauv2024/AUV/WIRED24-25/ros2/install/turtlesim/include/turtlesim/action/detail
[4.856s] -- Up-to-date: /home/wiredauv2024/AUV/WIRED24-25/ros2/install/turtlesim/include/turtlesim/action/detail/rotate_absolute__rosidl_typesupport_fastrtps_cpp.hpp
[4.856s] -- Up-to-date: /home/wiredauv2024/AUV/WIRED24-25/ros2/install/turtlesim/include/turtlesim/action/detail/dds_fastrtps
[4.856s] -- Up-to-date: /home/wiredauv2024/AUV/WIRED24-25/ros2/install/turtlesim/lib/libturtlesim__rosidl_typesupport_fastrtps_cpp.so
[4.856s] -- Up-to-date: /home/wiredauv2024/AUV/WIRED24-25/ros2/install/turtlesim/include/turtlesim
[4.856s] -- Up-to-date: /home/wiredauv2024/AUV/WIRED24-25/ros2/install/turtlesim/include/turtlesim/msg
[4.856s] -- Up-to-date: /home/wiredauv2024/AUV/WIRED24-25/ros2/install/turtlesim/include/turtlesim/msg/detail
[4.856s] -- Up-to-date: /home/wiredauv2024/AUV/WIRED24-25/ros2/install/turtlesim/include/turtlesim/msg/detail/color__type_support.c
[4.857s] -- Up-to-date: /home/wiredauv2024/AUV/WIRED24-25/ros2/install/turtlesim/include/turtlesim/msg/detail/pose__rosidl_typesupport_introspection_c.h
[4.857s] -- Up-to-date: /home/wiredauv2024/AUV/WIRED24-25/ros2/install/turtlesim/include/turtlesim/msg/detail/color__rosidl_typesupport_introspection_c.h
[4.857s] -- Up-to-date: /home/wiredauv2024/AUV/WIRED24-25/ros2/install/turtlesim/include/turtlesim/msg/detail/pose__type_support.c
[4.857s] -- Up-to-date: /home/wiredauv2024/AUV/WIRED24-25/ros2/install/turtlesim/include/turtlesim/msg/rosidl_typesupport_introspection_c__visibility_control.h
[4.857s] -- Up-to-date: /home/wiredauv2024/AUV/WIRED24-25/ros2/install/turtlesim/include/turtlesim/srv
[4.857s] -- Up-to-date: /home/wiredauv2024/AUV/WIRED24-25/ros2/install/turtlesim/include/turtlesim/srv/detail
[4.857s] -- Up-to-date: /home/wiredauv2024/AUV/WIRED24-25/ros2/install/turtlesim/include/turtlesim/srv/detail/set_pen__type_support.c
[4.858s] -- Up-to-date: /home/wiredauv2024/AUV/WIRED24-25/ros2/install/turtlesim/include/turtlesim/srv/detail/teleport_relative__rosidl_typesupport_introspection_c.h
[4.858s] -- Up-to-date: /home/wiredauv2024/AUV/WIRED24-25/ros2/install/turtlesim/include/turtlesim/srv/detail/teleport_absolute__rosidl_typesupport_introspection_c.h
[4.858s] -- Up-to-date: /home/wiredauv2024/AUV/WIRED24-25/ros2/install/turtlesim/include/turtlesim/srv/detail/kill__type_support.c
[4.858s] -- Up-to-date: /home/wiredauv2024/AUV/WIRED24-25/ros2/install/turtlesim/include/turtlesim/srv/detail/teleport_absolute__type_support.c
[4.858s] -- Up-to-date: /home/wiredauv2024/AUV/WIRED24-25/ros2/install/turtlesim/include/turtlesim/srv/detail/kill__rosidl_typesupport_introspection_c.h
[4.859s] -- Up-to-date: /home/wiredauv2024/AUV/WIRED24-25/ros2/install/turtlesim/include/turtlesim/srv/detail/spawn__type_support.c
[4.859s] -- Up-to-date: /home/wiredauv2024/AUV/WIRED24-25/ros2/install/turtlesim/include/turtlesim/srv/detail/teleport_relative__type_support.c
[4.859s] -- Up-to-date: /home/wiredauv2024/AUV/WIRED24-25/ros2/install/turtlesim/include/turtlesim/srv/detail/spawn__rosidl_typesupport_introspection_c.h
[4.859s] -- Up-to-date: /home/wiredauv2024/AUV/WIRED24-25/ros2/install/turtlesim/include/turtlesim/srv/detail/set_pen__rosidl_typesupport_introspection_c.h
[4.859s] -- Up-to-date: /home/wiredauv2024/AUV/WIRED24-25/ros2/install/turtlesim/include/turtlesim/action
[4.859s] -- Up-to-date: /home/wiredauv2024/AUV/WIRED24-25/ros2/install/turtlesim/include/turtlesim/action/detail
[4.859s] -- Up-to-date: /home/wiredauv2024/AUV/WIRED24-25/ros2/install/turtlesim/include/turtlesim/action/detail/rotate_absolute__type_support.c
[4.860s] -- Up-to-date: /home/wiredauv2024/AUV/WIRED24-25/ros2/install/turtlesim/include/turtlesim/action/detail/rotate_absolute__rosidl_typesupport_introspection_c.h
[4.860s] -- Up-to-date: /home/wiredauv2024/AUV/WIRED24-25/ros2/install/turtlesim/lib/libturtlesim__rosidl_typesupport_introspection_c.so
[4.860s] -- Up-to-date: /home/wiredauv2024/AUV/WIRED24-25/ros2/install/turtlesim/lib/libturtlesim__rosidl_typesupport_c.so
[4.860s] -- Up-to-date: /home/wiredauv2024/AUV/WIRED24-25/ros2/install/turtlesim/include/turtlesim
[4.861s] -- Up-to-date: /home/wiredauv2024/AUV/WIRED24-25/ros2/install/turtlesim/include/turtlesim/msg
[4.861s] -- Up-to-date: /home/wiredauv2024/AUV/WIRED24-25/ros2/install/turtlesim/include/turtlesim/msg/detail
[4.861s] -- Up-to-date: /home/wiredauv2024/AUV/WIRED24-25/ros2/install/turtlesim/include/turtlesim/msg/detail/pose__builder.hpp
[4.861s] -- Up-to-date: /home/wiredauv2024/AUV/WIRED24-25/ros2/install/turtlesim/include/turtlesim/msg/detail/color__struct.hpp
[4.861s] -- Up-to-date: /home/wiredauv2024/AUV/WIRED24-25/ros2/install/turtlesim/include/turtlesim/msg/detail/pose__traits.hpp
[4.862s] -- Up-to-date: /home/wiredauv2024/AUV/WIRED24-25/ros2/install/turtlesim/include/turtlesim/msg/detail/color__builder.hpp
[4.862s] -- Up-to-date: /home/wiredauv2024/AUV/WIRED24-25/ros2/install/turtlesim/include/turtlesim/msg/detail/pose__struct.hpp
[4.862s] -- Up-to-date: /home/wiredauv2024/AUV/WIRED24-25/ros2/install/turtlesim/include/turtlesim/msg/detail/color__traits.hpp
[4.862s] -- Up-to-date: /home/wiredauv2024/AUV/WIRED24-25/ros2/install/turtlesim/include/turtlesim/msg/color.hpp
[4.862s] -- Up-to-date: /home/wiredauv2024/AUV/WIRED24-25/ros2/install/turtlesim/include/turtlesim/msg/pose.hpp
[4.863s] -- Up-to-date: /home/wiredauv2024/AUV/WIRED24-25/ros2/install/turtlesim/include/turtlesim/srv
[4.863s] -- Up-to-date: /home/wiredauv2024/AUV/WIRED24-25/ros2/install/turtlesim/include/turtlesim/srv/teleport_relative.hpp
[4.863s] -- Up-to-date: /home/wiredauv2024/AUV/WIRED24-25/ros2/install/turtlesim/include/turtlesim/srv/detail
[4.863s] -- Up-to-date: /home/wiredauv2024/AUV/WIRED24-25/ros2/install/turtlesim/include/turtlesim/srv/detail/set_pen__builder.hpp
[4.864s] -- Up-to-date: /home/wiredauv2024/AUV/WIRED24-25/ros2/install/turtlesim/include/turtlesim/srv/detail/set_pen__struct.hpp
[4.864s] -- Up-to-date: /home/wiredauv2024/AUV/WIRED24-25/ros2/install/turtlesim/include/turtlesim/srv/detail/spawn__traits.hpp
[4.865s] -- Up-to-date: /home/wiredauv2024/AUV/WIRED24-25/ros2/install/turtlesim/include/turtlesim/srv/detail/teleport_relative__struct.hpp
[4.865s] -- Up-to-date: /home/wiredauv2024/AUV/WIRED24-25/ros2/install/turtlesim/include/turtlesim/srv/detail/kill__struct.hpp
[4.865s] -- Up-to-date: /home/wiredauv2024/AUV/WIRED24-25/ros2/install/turtlesim/include/turtlesim/srv/detail/kill__traits.hpp
[4.865s] -- Up-to-date: /home/wiredauv2024/AUV/WIRED24-25/ros2/install/turtlesim/include/turtlesim/srv/detail/teleport_relative__builder.hpp
[4.865s] -- Up-to-date: /home/wiredauv2024/AUV/WIRED24-25/ros2/install/turtlesim/include/turtlesim/srv/detail/spawn__builder.hpp
[4.865s] -- Up-to-date: /home/wiredauv2024/AUV/WIRED24-25/ros2/install/turtlesim/include/turtlesim/srv/detail/teleport_absolute__builder.hpp
[4.866s] -- Up-to-date: /home/wiredauv2024/AUV/WIRED24-25/ros2/install/turtlesim/include/turtlesim/srv/detail/spawn__struct.hpp
[4.866s] -- Up-to-date: /home/wiredauv2024/AUV/WIRED24-25/ros2/install/turtlesim/include/turtlesim/srv/detail/teleport_relative__traits.hpp
[4.866s] -- Up-to-date: /home/wiredauv2024/AUV/WIRED24-25/ros2/install/turtlesim/include/turtlesim/srv/detail/teleport_absolute__traits.hpp
[4.866s] -- Up-to-date: /home/wiredauv2024/AUV/WIRED24-25/ros2/install/turtlesim/include/turtlesim/srv/detail/kill__builder.hpp
[4.866s] -- Up-to-date: /home/wiredauv2024/AUV/WIRED24-25/ros2/install/turtlesim/include/turtlesim/srv/detail/set_pen__traits.hpp
[4.866s] -- Up-to-date: /home/wiredauv2024/AUV/WIRED24-25/ros2/install/turtlesim/include/turtlesim/srv/detail/teleport_absolute__struct.hpp
[4.867s] -- Up-to-date: /home/wiredauv2024/AUV/WIRED24-25/ros2/install/turtlesim/include/turtlesim/srv/kill.hpp
[4.867s] -- Up-to-date: /home/wiredauv2024/AUV/WIRED24-25/ros2/install/turtlesim/include/turtlesim/srv/spawn.hpp
[4.867s] -- Up-to-date: /home/wiredauv2024/AUV/WIRED24-25/ros2/install/turtlesim/include/turtlesim/srv/set_pen.hpp
[4.867s] -- Up-to-date: /home/wiredauv2024/AUV/WIRED24-25/ros2/install/turtlesim/include/turtlesim/srv/teleport_absolute.hpp
[4.867s] -- Up-to-date: /home/wiredauv2024/AUV/WIRED24-25/ros2/install/turtlesim/include/turtlesim/action
[4.867s] -- Up-to-date: /home/wiredauv2024/AUV/WIRED24-25/ros2/install/turtlesim/include/turtlesim/action/detail
[4.868s] -- Up-to-date: /home/wiredauv2024/AUV/WIRED24-25/ros2/install/turtlesim/include/turtlesim/action/detail/rotate_absolute__traits.hpp
[4.868s] -- Up-to-date: /home/wiredauv2024/AUV/WIRED24-25/ros2/install/turtlesim/include/turtlesim/action/detail/rotate_absolute__struct.hpp
[4.868s] -- Up-to-date: /home/wiredauv2024/AUV/WIRED24-25/ros2/install/turtlesim/include/turtlesim/action/detail/rotate_absolute__builder.hpp
[4.868s] -- Up-to-date: /home/wiredauv2024/AUV/WIRED24-25/ros2/install/turtlesim/include/turtlesim/action/rotate_absolute.hpp
[4.868s] -- Up-to-date: /home/wiredauv2024/AUV/WIRED24-25/ros2/install/turtlesim/include/turtlesim
[4.868s] -- Up-to-date: /home/wiredauv2024/AUV/WIRED24-25/ros2/install/turtlesim/include/turtlesim/msg
[4.869s] -- Up-to-date: /home/wiredauv2024/AUV/WIRED24-25/ros2/install/turtlesim/include/turtlesim/msg/detail
[4.869s] -- Up-to-date: /home/wiredauv2024/AUV/WIRED24-25/ros2/install/turtlesim/include/turtlesim/msg/detail/pose__type_support.cpp
[4.869s] -- Up-to-date: /home/wiredauv2024/AUV/WIRED24-25/ros2/install/turtlesim/include/turtlesim/msg/detail/color__type_support.cpp
[4.869s] -- Up-to-date: /home/wiredauv2024/AUV/WIRED24-25/ros2/install/turtlesim/include/turtlesim/msg/detail/pose__rosidl_typesupport_introspection_cpp.hpp
[4.869s] -- Up-to-date: /home/wiredauv2024/AUV/WIRED24-25/ros2/install/turtlesim/include/turtlesim/msg/detail/color__rosidl_typesupport_introspection_cpp.hpp
[4.870s] -- Up-to-date: /home/wiredauv2024/AUV/WIRED24-25/ros2/install/turtlesim/include/turtlesim/srv
[4.870s] -- Up-to-date: /home/wiredauv2024/AUV/WIRED24-25/ros2/install/turtlesim/include/turtlesim/srv/detail
[4.870s] -- Up-to-date: /home/wiredauv2024/AUV/WIRED24-25/ros2/install/turtlesim/include/turtlesim/srv/detail/teleport_absolute__rosidl_typesupport_introspection_cpp.hpp
[4.870s] -- Up-to-date: /home/wiredauv2024/AUV/WIRED24-25/ros2/install/turtlesim/include/turtlesim/srv/detail/kill__rosidl_typesupport_introspection_cpp.hpp
[4.870s] -- Up-to-date: /home/wiredauv2024/AUV/WIRED24-25/ros2/install/turtlesim/include/turtlesim/srv/detail/kill__type_support.cpp
[4.870s] -- Up-to-date: /home/wiredauv2024/AUV/WIRED24-25/ros2/install/turtlesim/include/turtlesim/srv/detail/teleport_absolute__type_support.cpp
[4.870s] -- Up-to-date: /home/wiredauv2024/AUV/WIRED24-25/ros2/install/turtlesim/include/turtlesim/srv/detail/spawn__rosidl_typesupport_introspection_cpp.hpp
[4.871s] -- Up-to-date: /home/wiredauv2024/AUV/WIRED24-25/ros2/install/turtlesim/include/turtlesim/srv/detail/teleport_relative__rosidl_typesupport_introspection_cpp.hpp
[4.871s] -- Up-to-date: /home/wiredauv2024/AUV/WIRED24-25/ros2/install/turtlesim/include/turtlesim/srv/detail/set_pen__rosidl_typesupport_introspection_cpp.hpp
[4.871s] -- Up-to-date: /home/wiredauv2024/AUV/WIRED24-25/ros2/install/turtlesim/include/turtlesim/srv/detail/spawn__type_support.cpp
[4.871s] -- Up-to-date: /home/wiredauv2024/AUV/WIRED24-25/ros2/install/turtlesim/include/turtlesim/srv/detail/teleport_relative__type_support.cpp
[4.871s] -- Up-to-date: /home/wiredauv2024/AUV/WIRED24-25/ros2/install/turtlesim/include/turtlesim/srv/detail/set_pen__type_support.cpp
[4.871s] -- Up-to-date: /home/wiredauv2024/AUV/WIRED24-25/ros2/install/turtlesim/include/turtlesim/action
[4.872s] -- Up-to-date: /home/wiredauv2024/AUV/WIRED24-25/ros2/install/turtlesim/include/turtlesim/action/detail
[4.872s] -- Up-to-date: /home/wiredauv2024/AUV/WIRED24-25/ros2/install/turtlesim/include/turtlesim/action/detail/rotate_absolute__type_support.cpp
[4.872s] -- Up-to-date: /home/wiredauv2024/AUV/WIRED24-25/ros2/install/turtlesim/include/turtlesim/action/detail/rotate_absolute__rosidl_typesupport_introspection_cpp.hpp
[4.872s] -- Up-to-date: /home/wiredauv2024/AUV/WIRED24-25/ros2/install/turtlesim/lib/libturtlesim__rosidl_typesupport_introspection_cpp.so
[4.872s] -- Up-to-date: /home/wiredauv2024/AUV/WIRED24-25/ros2/install/turtlesim/lib/libturtlesim__rosidl_typesupport_cpp.so
[4.872s] -- Up-to-date: /home/wiredauv2024/AUV/WIRED24-25/ros2/install/turtlesim/share/turtlesim/environment/pythonpath.sh
[4.872s] -- Up-to-date: /home/wiredauv2024/AUV/WIRED24-25/ros2/install/turtlesim/share/turtlesim/environment/pythonpath.dsv
[4.873s] -- Up-to-date: /home/wiredauv2024/AUV/WIRED24-25/ros2/install/turtlesim/lib/python3.8/site-packages/turtlesim/__init__.py
[5.227s] -- Up-to-date: /home/wiredauv2024/AUV/WIRED24-25/ros2/install/turtlesim/lib/python3.8/site-packages/turtlesim/action
[5.364s] -- Up-to-date: /home/wiredauv2024/AUV/WIRED24-25/ros2/install/turtlesim/lib/python3.8/site-packages/turtlesim/action/_rotate_absolute_s.c
[5.365s] -- Up-to-date: /home/wiredauv2024/AUV/WIRED24-25/ros2/install/turtlesim/lib/python3.8/site-packages/turtlesim/action/_rotate_absolute.py
[5.365s] -- Up-to-date: /home/wiredauv2024/AUV/WIRED24-25/ros2/install/turtlesim/lib/python3.8/site-packages/turtlesim/action/__init__.py
[5.366s] -- Up-to-date: /home/wiredauv2024/AUV/WIRED24-25/ros2/install/turtlesim/lib/python3.8/site-packages/turtlesim/msg
[5.366s] -- Up-to-date: /home/wiredauv2024/AUV/WIRED24-25/ros2/install/turtlesim/lib/python3.8/site-packages/turtlesim/msg/_color_s.c
[5.366s] -- Up-to-date: /home/wiredauv2024/AUV/WIRED24-25/ros2/install/turtlesim/lib/python3.8/site-packages/turtlesim/msg/_color.py
[5.367s] -- Up-to-date: /home/wiredauv2024/AUV/WIRED24-25/ros2/install/turtlesim/lib/python3.8/site-packages/turtlesim/msg/_pose.py
[5.367s] -- Up-to-date: /home/wiredauv2024/AUV/WIRED24-25/ros2/install/turtlesim/lib/python3.8/site-packages/turtlesim/msg/_pose_s.c
[5.367s] -- Up-to-date: /home/wiredauv2024/AUV/WIRED24-25/ros2/install/turtlesim/lib/python3.8/site-packages/turtlesim/msg/__init__.py
[5.367s] -- Up-to-date: /home/wiredauv2024/AUV/WIRED24-25/ros2/install/turtlesim/lib/python3.8/site-packages/turtlesim/srv
[5.368s] -- Up-to-date: /home/wiredauv2024/AUV/WIRED24-25/ros2/install/turtlesim/lib/python3.8/site-packages/turtlesim/srv/_teleport_absolute.py
[5.368s] -- Up-to-date: /home/wiredauv2024/AUV/WIRED24-25/ros2/install/turtlesim/lib/python3.8/site-packages/turtlesim/srv/_teleport_relative.py
[5.368s] -- Up-to-date: /home/wiredauv2024/AUV/WIRED24-25/ros2/install/turtlesim/lib/python3.8/site-packages/turtlesim/srv/_teleport_relative_s.c
[5.369s] -- Up-to-date: /home/wiredauv2024/AUV/WIRED24-25/ros2/install/turtlesim/lib/python3.8/site-packages/turtlesim/srv/_kill_s.c
[5.369s] -- Up-to-date: /home/wiredauv2024/AUV/WIRED24-25/ros2/install/turtlesim/lib/python3.8/site-packages/turtlesim/srv/_kill.py
[5.369s] -- Up-to-date: /home/wiredauv2024/AUV/WIRED24-25/ros2/install/turtlesim/lib/python3.8/site-packages/turtlesim/srv/_set_pen_s.c
[5.369s] -- Up-to-date: /home/wiredauv2024/AUV/WIRED24-25/ros2/install/turtlesim/lib/python3.8/site-packages/turtlesim/srv/_set_pen.py
[5.370s] -- Up-to-date: /home/wiredauv2024/AUV/WIRED24-25/ros2/install/turtlesim/lib/python3.8/site-packages/turtlesim/srv/_spawn_s.c
[5.370s] -- Up-to-date: /home/wiredauv2024/AUV/WIRED24-25/ros2/install/turtlesim/lib/python3.8/site-packages/turtlesim/srv/_teleport_absolute_s.c
[5.370s] -- Up-to-date: /home/wiredauv2024/AUV/WIRED24-25/ros2/install/turtlesim/lib/python3.8/site-packages/turtlesim/srv/__init__.py
[5.370s] -- Up-to-date: /home/wiredauv2024/AUV/WIRED24-25/ros2/install/turtlesim/lib/python3.8/site-packages/turtlesim/srv/_spawn.py
[5.370s] -- Up-to-date: /home/wiredauv2024/AUV/WIRED24-25/ros2/install/turtlesim/lib/python3.8/site-packages/turtlesim/turtlesim_s__rosidl_typesupport_fastrtps_c.cpython-38-aarch64-linux-gnu.so
[5.371s] -- Up-to-date: /home/wiredauv2024/AUV/WIRED24-25/ros2/install/turtlesim/lib/python3.8/site-packages/turtlesim/turtlesim_s__rosidl_typesupport_introspection_c.cpython-38-aarch64-linux-gnu.so
[5.374s] -- Up-to-date: /home/wiredauv2024/AUV/WIRED24-25/ros2/install/turtlesim/lib/python3.8/site-packages/turtlesim/turtlesim_s__rosidl_typesupport_c.cpython-38-aarch64-linux-gnu.so
[5.376s] -- Up-to-date: /home/wiredauv2024/AUV/WIRED24-25/ros2/install/turtlesim/lib/libturtlesim__python.so
[5.377s] -- Up-to-date: /home/wiredauv2024/AUV/WIRED24-25/ros2/install/turtlesim/share/turtlesim/action/RotateAbsolute.idl
[5.377s] -- Up-to-date: /home/wiredauv2024/AUV/WIRED24-25/ros2/install/turtlesim/share/turtlesim/msg/Color.idl
[5.377s] -- Up-to-date: /home/wiredauv2024/AUV/WIRED24-25/ros2/install/turtlesim/share/turtlesim/msg/Pose.idl
[5.378s] -- Up-to-date: /home/wiredauv2024/AUV/WIRED24-25/ros2/install/turtlesim/share/turtlesim/srv/Kill.idl
[5.378s] -- Up-to-date: /home/wiredauv2024/AUV/WIRED24-25/ros2/install/turtlesim/share/turtlesim/srv/SetPen.idl
[5.378s] -- Up-to-date: /home/wiredauv2024/AUV/WIRED24-25/ros2/install/turtlesim/share/turtlesim/srv/Spawn.idl
[5.379s] -- Up-to-date: /home/wiredauv2024/AUV/WIRED24-25/ros2/install/turtlesim/share/turtlesim/srv/TeleportAbsolute.idl
[5.379s] -- Up-to-date: /home/wiredauv2024/AUV/WIRED24-25/ros2/install/turtlesim/share/turtlesim/srv/TeleportRelative.idl
[5.380s] -- Up-to-date: /home/wiredauv2024/AUV/WIRED24-25/ros2/install/turtlesim/share/turtlesim/action/RotateAbsolute.action
[5.380s] -- Up-to-date: /home/wiredauv2024/AUV/WIRED24-25/ros2/install/turtlesim/share/turtlesim/msg/Color.msg
[5.380s] -- Up-to-date: /home/wiredauv2024/AUV/WIRED24-25/ros2/install/turtlesim/share/turtlesim/msg/Pose.msg
[5.381s] -- Up-to-date: /home/wiredauv2024/AUV/WIRED24-25/ros2/install/turtlesim/share/turtlesim/srv/Kill.srv
[5.381s] -- Up-to-date: /home/wiredauv2024/AUV/WIRED24-25/ros2/install/turtlesim/share/turtlesim/srv/Kill_Request.msg
[5.381s] -- Up-to-date: /home/wiredauv2024/AUV/WIRED24-25/ros2/install/turtlesim/share/turtlesim/srv/Kill_Response.msg
[5.381s] -- Up-to-date: /home/wiredauv2024/AUV/WIRED24-25/ros2/install/turtlesim/share/turtlesim/srv/SetPen.srv
[5.381s] -- Up-to-date: /home/wiredauv2024/AUV/WIRED24-25/ros2/install/turtlesim/share/turtlesim/srv/SetPen_Request.msg
[5.382s] -- Up-to-date: /home/wiredauv2024/AUV/WIRED24-25/ros2/install/turtlesim/share/turtlesim/srv/SetPen_Response.msg
[5.382s] -- Up-to-date: /home/wiredauv2024/AUV/WIRED24-25/ros2/install/turtlesim/share/turtlesim/srv/Spawn.srv
[5.382s] -- Up-to-date: /home/wiredauv2024/AUV/WIRED24-25/ros2/install/turtlesim/share/turtlesim/srv/Spawn_Request.msg
[5.382s] -- Up-to-date: /home/wiredauv2024/AUV/WIRED24-25/ros2/install/turtlesim/share/turtlesim/srv/Spawn_Response.msg
[5.383s] -- Up-to-date: /home/wiredauv2024/AUV/WIRED24-25/ros2/install/turtlesim/share/turtlesim/srv/TeleportAbsolute.srv
[5.383s] -- Up-to-date: /home/wiredauv2024/AUV/WIRED24-25/ros2/install/turtlesim/share/turtlesim/srv/TeleportAbsolute_Request.msg
[5.383s] -- Up-to-date: /home/wiredauv2024/AUV/WIRED24-25/ros2/install/turtlesim/share/turtlesim/srv/TeleportAbsolute_Response.msg
[5.383s] -- Up-to-date: /home/wiredauv2024/AUV/WIRED24-25/ros2/install/turtlesim/share/turtlesim/srv/TeleportRelative.srv
[5.384s] -- Up-to-date: /home/wiredauv2024/AUV/WIRED24-25/ros2/install/turtlesim/share/turtlesim/srv/TeleportRelative_Request.msg
[5.384s] -- Up-to-date: /home/wiredauv2024/AUV/WIRED24-25/ros2/install/turtlesim/share/turtlesim/srv/TeleportRelative_Response.msg
[5.384s] -- Up-to-date: /home/wiredauv2024/AUV/WIRED24-25/ros2/install/turtlesim/lib/turtlesim/turtlesim_node
[5.385s] -- Up-to-date: /home/wiredauv2024/AUV/WIRED24-25/ros2/install/turtlesim/lib/turtlesim/turtle_teleop_key
[5.388s] -- Up-to-date: /home/wiredauv2024/AUV/WIRED24-25/ros2/install/turtlesim/lib/turtlesim/draw_square
[5.390s] -- Up-to-date: /home/wiredauv2024/AUV/WIRED24-25/ros2/install/turtlesim/lib/turtlesim/mimic
[5.390s] -- Up-to-date: /home/wiredauv2024/AUV/WIRED24-25/ros2/install/turtlesim/share/turtlesim/images
[5.391s] -- Up-to-date: /home/wiredauv2024/AUV/WIRED24-25/ros2/install/turtlesim/share/turtlesim/images/crystal.png
[5.391s] -- Up-to-date: /home/wiredauv2024/AUV/WIRED24-25/ros2/install/turtlesim/share/turtlesim/images/foxy.png
[5.392s] -- Up-to-date: /home/wiredauv2024/AUV/WIRED24-25/ros2/install/turtlesim/share/turtlesim/images/bouncy.png
[5.392s] -- Up-to-date: /home/wiredauv2024/AUV/WIRED24-25/ros2/install/turtlesim/share/turtlesim/images/dashing.png
[5.392s] -- Up-to-date: /home/wiredauv2024/AUV/WIRED24-25/ros2/install/turtlesim/share/turtlesim/images/ardent.png
[5.393s] -- Up-to-date: /home/wiredauv2024/AUV/WIRED24-25/ros2/install/turtlesim/share/turtlesim/images/galactic.png
[5.393s] -- Up-to-date: /home/wiredauv2024/AUV/WIRED24-25/ros2/install/turtlesim/share/turtlesim/images/eloquent.png
[5.393s] -- Up-to-date: /home/wiredauv2024/AUV/WIRED24-25/ros2/install/turtlesim/share/turtlesim/launch
[5.394s] -- Up-to-date: /home/wiredauv2024/AUV/WIRED24-25/ros2/install/turtlesim/share/turtlesim/launch/multisim.launch.py
[5.394s] -- Up-to-date: /home/wiredauv2024/AUV/WIRED24-25/ros2/install/turtlesim/share/ament_index/resource_index/package_run_dependencies/turtlesim
[5.394s] -- Up-to-date: /home/wiredauv2024/AUV/WIRED24-25/ros2/install/turtlesim/share/ament_index/resource_index/parent_prefix_path/turtlesim
[5.394s] -- Up-to-date: /home/wiredauv2024/AUV/WIRED24-25/ros2/install/turtlesim/share/turtlesim/environment/ament_prefix_path.sh
[5.395s] -- Up-to-date: /home/wiredauv2024/AUV/WIRED24-25/ros2/install/turtlesim/share/turtlesim/environment/ament_prefix_path.dsv
[5.395s] -- Up-to-date: /home/wiredauv2024/AUV/WIRED24-25/ros2/install/turtlesim/share/turtlesim/environment/path.sh
[5.395s] -- Up-to-date: /home/wiredauv2024/AUV/WIRED24-25/ros2/install/turtlesim/share/turtlesim/environment/path.dsv
[5.395s] -- Up-to-date: /home/wiredauv2024/AUV/WIRED24-25/ros2/install/turtlesim/share/turtlesim/local_setup.bash
[5.396s] -- Up-to-date: /home/wiredauv2024/AUV/WIRED24-25/ros2/install/turtlesim/share/turtlesim/local_setup.sh
[5.396s] -- Up-to-date: /home/wiredauv2024/AUV/WIRED24-25/ros2/install/turtlesim/share/turtlesim/local_setup.zsh
[5.396s] -- Up-to-date: /home/wiredauv2024/AUV/WIRED24-25/ros2/install/turtlesim/share/turtlesim/local_setup.dsv
[5.396s] -- Installing: /home/wiredauv2024/AUV/WIRED24-25/ros2/install/turtlesim/share/turtlesim/package.dsv
[5.397s] -- Up-to-date: /home/wiredauv2024/AUV/WIRED24-25/ros2/install/turtlesim/share/ament_index/resource_index/packages/turtlesim
[5.397s] -- Up-to-date: /home/wiredauv2024/AUV/WIRED24-25/ros2/install/turtlesim/share/turtlesim/cmake/turtlesim__rosidl_generator_cExport.cmake
[5.398s] -- Up-to-date: /home/wiredauv2024/AUV/WIRED24-25/ros2/install/turtlesim/share/turtlesim/cmake/turtlesim__rosidl_generator_cExport-noconfig.cmake
[5.399s] -- Up-to-date: /home/wiredauv2024/AUV/WIRED24-25/ros2/install/turtlesim/share/turtlesim/cmake/turtlesim__rosidl_typesupport_introspection_cExport.cmake
[5.399s] -- Up-to-date: /home/wiredauv2024/AUV/WIRED24-25/ros2/install/turtlesim/share/turtlesim/cmake/turtlesim__rosidl_typesupport_introspection_cExport-noconfig.cmake
[5.400s] -- Up-to-date: /home/wiredauv2024/AUV/WIRED24-25/ros2/install/turtlesim/share/turtlesim/cmake/turtlesim__rosidl_typesupport_cExport.cmake
[5.400s] -- Up-to-date: /home/wiredauv2024/AUV/WIRED24-25/ros2/install/turtlesim/share/turtlesim/cmake/turtlesim__rosidl_typesupport_cExport-noconfig.cmake
[5.401s] -- Up-to-date: /home/wiredauv2024/AUV/WIRED24-25/ros2/install/turtlesim/share/turtlesim/cmake/turtlesim__rosidl_generator_cppExport.cmake
[5.402s] -- Up-to-date: /home/wiredauv2024/AUV/WIRED24-25/ros2/install/turtlesim/share/turtlesim/cmake/turtlesim__rosidl_typesupport_introspection_cppExport.cmake
[5.403s] -- Up-to-date: /home/wiredauv2024/AUV/WIRED24-25/ros2/install/turtlesim/share/turtlesim/cmake/turtlesim__rosidl_typesupport_introspection_cppExport-noconfig.cmake
[5.404s] -- Up-to-date: /home/wiredauv2024/AUV/WIRED24-25/ros2/install/turtlesim/share/turtlesim/cmake/turtlesim__rosidl_typesupport_cppExport.cmake
[5.404s] -- Up-to-date: /home/wiredauv2024/AUV/WIRED24-25/ros2/install/turtlesim/share/turtlesim/cmake/turtlesim__rosidl_typesupport_cppExport-noconfig.cmake
[5.404s] -- Up-to-date: /home/wiredauv2024/AUV/WIRED24-25/ros2/install/turtlesim/share/turtlesim/cmake/rosidl_cmake-extras.cmake
[5.405s] -- Up-to-date: /home/wiredauv2024/AUV/WIRED24-25/ros2/install/turtlesim/share/turtlesim/cmake/ament_cmake_export_dependencies-extras.cmake
[5.405s] -- Up-to-date: /home/wiredauv2024/AUV/WIRED24-25/ros2/install/turtlesim/share/turtlesim/cmake/ament_cmake_export_libraries-extras.cmake
[5.405s] -- Up-to-date: /home/wiredauv2024/AUV/WIRED24-25/ros2/install/turtlesim/share/turtlesim/cmake/ament_cmake_export_targets-extras.cmake
[5.406s] -- Up-to-date: /home/wiredauv2024/AUV/WIRED24-25/ros2/install/turtlesim/share/turtlesim/cmake/ament_cmake_export_include_directories-extras.cmake
[5.406s] -- Up-to-date: /home/wiredauv2024/AUV/WIRED24-25/ros2/install/turtlesim/share/turtlesim/cmake/rosidl_cmake_export_typesupport_libraries-extras.cmake
[5.406s] -- Up-to-date: /home/wiredauv2024/AUV/WIRED24-25/ros2/install/turtlesim/share/turtlesim/cmake/rosidl_cmake_export_typesupport_targets-extras.cmake
[5.406s] -- Up-to-date: /home/wiredauv2024/AUV/WIRED24-25/ros2/install/turtlesim/share/turtlesim/cmake/turtlesimConfig.cmake
[5.406s] -- Up-to-date: /home/wiredauv2024/AUV/WIRED24-25/ros2/install/turtlesim/share/turtlesim/cmake/turtlesimConfig-version.cmake
[5.407s] -- Up-to-date: /home/wiredauv2024/AUV/WIRED24-25/ros2/install/turtlesim/share/turtlesim/package.xml
[5.416s] Invoked command in '/home/wiredauv2024/AUV/WIRED24-25/ros2/build/turtlesim' returned '0': CMAKE_PREFIX_PATH=${CMAKE_PREFIX_PATH}:/home/wiredauv2024/AUV/WIRED24-25/ros2/install/py_pubsub:/opt/ros/galactic /usr/bin/cmake --install /home/wiredauv2024/AUV/WIRED24-25/ros2/build/turtlesim
