/home/wiredauv2024/AUV/WIRED24-25/ros2/install/auv/lib/python3.8/site-packages/logic/vn_log.py
/home/wiredauv2024/AUV/WIRED24-25/ros2/install/auv/lib/python3.8/site-packages/logic/__init__.py
/home/wiredauv2024/AUV/WIRED24-25/ros2/install/auv/lib/python3.8/site-packages/logic/vn_logic.py
/home/wiredauv2024/AUV/WIRED24-25/ros2/install/auv/lib/python3.8/site-packages/logic/cam_log.py
/home/wiredauv2024/AUV/WIRED24-25/ros2/install/auv/lib/python3.8/site-packages/auv/ms_pub.py
/home/wiredauv2024/AUV/WIRED24-25/ros2/install/auv/lib/python3.8/site-packages/auv/vn_pub.py
/home/wiredauv2024/AUV/WIRED24-25/ros2/install/auv/lib/python3.8/site-packages/auv/__init__.py
/home/wiredauv2024/AUV/WIRED24-25/ros2/install/auv/lib/python3.8/site-packages/auv/sub_draft2.py
/home/wiredauv2024/AUV/WIRED24-25/ros2/install/auv/lib/python3.8/site-packages/auv/sub_draft.py
/home/wiredauv2024/AUV/WIRED24-25/ros2/install/auv/lib/python3.8/site-packages/auv/cam_pub.py
/home/wiredauv2024/AUV/WIRED24-25/ros2/install/auv/lib/python3.8/site-packages/auv/ping_pub.py
/home/wiredauv2024/AUV/WIRED24-25/ros2/install/auv/lib/python3.8/site-packages/logic/__pycache__/vn_log.cpython-38.pyc
/home/wiredauv2024/AUV/WIRED24-25/ros2/install/auv/lib/python3.8/site-packages/logic/__pycache__/__init__.cpython-38.pyc
/home/wiredauv2024/AUV/WIRED24-25/ros2/install/auv/lib/python3.8/site-packages/logic/__pycache__/vn_logic.cpython-38.pyc
/home/wiredauv2024/AUV/WIRED24-25/ros2/install/auv/lib/python3.8/site-packages/logic/__pycache__/cam_log.cpython-38.pyc
/home/wiredauv2024/AUV/WIRED24-25/ros2/install/auv/lib/python3.8/site-packages/auv/__pycache__/ms_pub.cpython-38.pyc
/home/wiredauv2024/AUV/WIRED24-25/ros2/install/auv/lib/python3.8/site-packages/auv/__pycache__/vn_pub.cpython-38.pyc
/home/wiredauv2024/AUV/WIRED24-25/ros2/install/auv/lib/python3.8/site-packages/auv/__pycache__/__init__.cpython-38.pyc
/home/wiredauv2024/AUV/WIRED24-25/ros2/install/auv/lib/python3.8/site-packages/auv/__pycache__/sub_draft2.cpython-38.pyc
/home/wiredauv2024/AUV/WIRED24-25/ros2/install/auv/lib/python3.8/site-packages/auv/__pycache__/sub_draft.cpython-38.pyc
/home/wiredauv2024/AUV/WIRED24-25/ros2/install/auv/lib/python3.8/site-packages/auv/__pycache__/cam_pub.cpython-38.pyc
/home/wiredauv2024/AUV/WIRED24-25/ros2/install/auv/lib/python3.8/site-packages/auv/__pycache__/ping_pub.cpython-38.pyc
/home/wiredauv2024/AUV/WIRED24-25/ros2/install/auv/share/ament_index/resource_index/packages/auv
/home/wiredauv2024/AUV/WIRED24-25/ros2/install/auv/share/auv/package.xml
/home/wiredauv2024/AUV/WIRED24-25/ros2/install/auv/lib/python3.8/site-packages/auv-0.0.0-py3.8.egg-info/dependency_links.txt
/home/wiredauv2024/AUV/WIRED24-25/ros2/install/auv/lib/python3.8/site-packages/auv-0.0.0-py3.8.egg-info/SOURCES.txt
/home/wiredauv2024/AUV/WIRED24-25/ros2/install/auv/lib/python3.8/site-packages/auv-0.0.0-py3.8.egg-info/zip-safe
/home/wiredauv2024/AUV/WIRED24-25/ros2/install/auv/lib/python3.8/site-packages/auv-0.0.0-py3.8.egg-info/top_level.txt
/home/wiredauv2024/AUV/WIRED24-25/ros2/install/auv/lib/python3.8/site-packages/auv-0.0.0-py3.8.egg-info/PKG-INFO
/home/wiredauv2024/AUV/WIRED24-25/ros2/install/auv/lib/python3.8/site-packages/auv-0.0.0-py3.8.egg-info/requires.txt
/home/wiredauv2024/AUV/WIRED24-25/ros2/install/auv/lib/python3.8/site-packages/auv-0.0.0-py3.8.egg-info/entry_points.txt
/home/wiredauv2024/AUV/WIRED24-25/ros2/install/auv/lib/auv/cam_pub
/home/wiredauv2024/AUV/WIRED24-25/ros2/install/auv/lib/auv/ms_pub
/home/wiredauv2024/AUV/WIRED24-25/ros2/install/auv/lib/auv/ping_pub
/home/wiredauv2024/AUV/WIRED24-25/ros2/install/auv/lib/auv/sub_draft
/home/wiredauv2024/AUV/WIRED24-25/ros2/install/auv/lib/auv/sub_draft2
/home/wiredauv2024/AUV/WIRED24-25/ros2/install/auv/lib/auv/vn_pub
