[4.252s] Invoking command in '/home/wiredauv2024/AUV/WIRED24-25/ros2/src/auv': PYTHONPATH=/home/wiredauv2024/AUV/WIRED24-25/ros2/build/auv/prefix_override:/usr/lib/python3/dist-packages/colcon_core/task/python/colcon_distutils_commands:/home/wiredauv2024/AUV/WIRED24-25/ros2/install/auv/lib/python3.8/site-packages:${PYTHONPATH} /usr/bin/python3 -W ignore:setup.py install is deprecated -W ignore:easy_install command is deprecated setup.py egg_info --egg-base ../../build/auv build --build-base /home/wiredauv2024/AUV/WIRED24-25/ros2/build/auv/build install --record /home/wiredauv2024/AUV/WIRED24-25/ros2/build/auv/install.log --single-version-externally-managed install_data
[4.840s] running egg_info
[4.840s] writing ../../build/auv/auv.egg-info/PKG-INFO
[4.979s] writing dependency_links to ../../build/auv/auv.egg-info/dependency_links.txt
[4.980s] writing entry points to ../../build/auv/auv.egg-info/entry_points.txt
[4.980s] writing requirements to ../../build/auv/auv.egg-info/requires.txt
[4.980s] writing top-level names to ../../build/auv/auv.egg-info/top_level.txt
[4.994s] reading manifest file '../../build/auv/auv.egg-info/SOURCES.txt'
[4.996s] writing manifest file '../../build/auv/auv.egg-info/SOURCES.txt'
[4.996s] running build
[4.996s] running build_py
[4.999s] copying auv/cam_pub.py -> /home/wiredauv2024/AUV/WIRED24-25/ros2/build/auv/build/lib/auv
[5.000s] running install
[5.002s] running install_lib
[5.005s] copying /home/wiredauv2024/AUV/WIRED24-25/ros2/build/auv/build/lib/auv/cam_pub.py -> /home/wiredauv2024/AUV/WIRED24-25/ros2/install/auv/lib/python3.8/site-packages/auv
[5.006s] byte-compiling /home/wiredauv2024/AUV/WIRED24-25/ros2/install/auv/lib/python3.8/site-packages/auv/cam_pub.py to cam_pub.cpython-38.pyc
[5.007s] Sorry: TabError: inconsistent use of tabs and spaces in indentation (cam_pub.py, line 26)
[5.007s] running install_data
[5.008s] running install_egg_info
[5.012s] removing '/home/wiredauv2024/AUV/WIRED24-25/ros2/install/auv/lib/python3.8/site-packages/auv-0.0.0-py3.8.egg-info' (and everything under it)
[5.013s] Copying ../../build/auv/auv.egg-info to /home/wiredauv2024/AUV/WIRED24-25/ros2/install/auv/lib/python3.8/site-packages/auv-0.0.0-py3.8.egg-info
[5.015s] running install_scripts
[5.060s] Installing cam_pub script to /home/wiredauv2024/AUV/WIRED24-25/ros2/install/auv/lib/auv
[5.199s] Installing ms_pub script to /home/wiredauv2024/AUV/WIRED24-25/ros2/install/auv/lib/auv
[5.199s] Installing ping_pub script to /home/wiredauv2024/AUV/WIRED24-25/ros2/install/auv/lib/auv
[5.199s] Installing vn_pub script to /home/wiredauv2024/AUV/WIRED24-25/ros2/install/auv/lib/auv
[5.200s] writing list of installed files to '/home/wiredauv2024/AUV/WIRED24-25/ros2/build/auv/install.log'
[5.289s] Invoked command in '/home/wiredauv2024/AUV/WIRED24-25/ros2/src/auv' returned '0': PYTHONPATH=/home/wiredauv2024/AUV/WIRED24-25/ros2/build/auv/prefix_override:/usr/lib/python3/dist-packages/colcon_core/task/python/colcon_distutils_commands:/home/wiredauv2024/AUV/WIRED24-25/ros2/install/auv/lib/python3.8/site-packages:${PYTHONPATH} /usr/bin/python3 -W ignore:setup.py install is deprecated -W ignore:easy_install command is deprecated setup.py egg_info --egg-base ../../build/auv build --build-base /home/wiredauv2024/AUV/WIRED24-25/ros2/build/auv/build install --record /home/wiredauv2024/AUV/WIRED24-25/ros2/build/auv/install.log --single-version-externally-managed install_data
