[0.505s] DEBUG:colcon:Command line arguments: ['/usr/bin/colcon', 'build', '--packages-select', 'auv']
[0.505s] DEBUG:colcon:Parsed command line arguments: Namespace(allow_overriding=[], ament_cmake_args=None, base_paths=['.'], build_base='build', catkin_cmake_args=None, catkin_skip_building_tests=False, cmake_args=None, cmake_clean_cache=False, cmake_clean_first=False, cmake_force_configure=False, cmake_target=None, cmake_target_skip_unavailable=False, continue_on_error=False, event_handlers=None, executor='parallel', ignore_user_meta=False, install_base='install', log_base=None, log_level=None, main=<bound method BuildVerb.main of <colcon_core.verb.build.BuildVerb object at 0xffffa033f070>>, merge_install=False, metas=['./colcon.meta'], packages_above=None, packages_above_and_dependencies=None, packages_above_depth=None, packages_end=None, packages_ignore=None, packages_ignore_regex=None, packages_select=['auv'], packages_select_build_failed=False, packages_select_by_dep=None, packages_select_regex=None, packages_select_test_failures=False, packages_skip=None, packages_skip_build_finished=False, packages_skip_by_dep=None, packages_skip_regex=None, packages_skip_test_passed=False, packages_skip_up_to=None, packages_start=None, packages_up_to=None, packages_up_to_regex=None, parallel_workers=6, paths=None, symlink_install=False, test_result_base=None, verb_extension=<colcon_core.verb.build.BuildVerb object at 0xffffa033f070>, verb_name='build', verb_parser=<colcon_defaults.argument_parser.defaults.DefaultArgumentsDecorator object at 0xffffa033f7f0>)
[0.951s] Level 1:colcon.colcon_core.package_discovery:discover_packages(colcon_meta) check parameters
[0.951s] Level 1:colcon.colcon_core.package_discovery:discover_packages(recursive) check parameters
[0.951s] Level 1:colcon.colcon_core.package_discovery:discover_packages(ignore) check parameters
[0.951s] Level 1:colcon.colcon_core.package_discovery:discover_packages(path) check parameters
[0.951s] Level 1:colcon.colcon_core.package_discovery:discover_packages(colcon_meta) discover
[0.952s] Level 1:colcon.colcon_core.package_discovery:discover_packages(recursive) discover
[0.952s] INFO:colcon.colcon_core.package_discovery:Crawling recursively for packages in '/home/wiredauv2024/AUV/WIRED24-25/ros2'
[0.952s] Level 1:colcon.colcon_core.package_identification:_identify(.) by extensions ['ignore', 'ignore_ament_install']
[0.952s] Level 1:colcon.colcon_core.package_identification:_identify(.) by extension 'ignore'
[0.952s] Level 1:colcon.colcon_core.package_identification:_identify(.) by extension 'ignore_ament_install'
[0.953s] Level 1:colcon.colcon_core.package_identification:_identify(.) by extensions ['colcon_pkg']
[0.953s] Level 1:colcon.colcon_core.package_identification:_identify(.) by extension 'colcon_pkg'
[0.953s] Level 1:colcon.colcon_core.package_identification:_identify(.) by extensions ['colcon_meta']
[0.953s] Level 1:colcon.colcon_core.package_identification:_identify(.) by extension 'colcon_meta'
[0.953s] Level 1:colcon.colcon_core.package_identification:_identify(.) by extensions ['ros']
[0.953s] Level 1:colcon.colcon_core.package_identification:_identify(.) by extension 'ros'
[1.018s] Level 1:colcon.colcon_core.package_identification:_identify(.) by extensions ['cmake', 'python']
[1.018s] Level 1:colcon.colcon_core.package_identification:_identify(.) by extension 'cmake'
[1.019s] Level 1:colcon.colcon_core.package_identification:_identify(.) by extension 'python'
[1.019s] Level 1:colcon.colcon_core.package_identification:_identify(.) by extensions ['python_setup_py']
[1.019s] Level 1:colcon.colcon_core.package_identification:_identify(.) by extension 'python_setup_py'
[1.019s] Level 1:colcon.colcon_core.package_identification:_identify(build) by extensions ['ignore', 'ignore_ament_install']
[1.019s] Level 1:colcon.colcon_core.package_identification:_identify(build) by extension 'ignore'
[1.019s] Level 1:colcon.colcon_core.package_identification:_identify(build) ignored
[1.020s] Level 1:colcon.colcon_core.package_identification:_identify(install) by extensions ['ignore', 'ignore_ament_install']
[1.020s] Level 1:colcon.colcon_core.package_identification:_identify(install) by extension 'ignore'
[1.020s] Level 1:colcon.colcon_core.package_identification:_identify(install) ignored
[1.020s] Level 1:colcon.colcon_core.package_identification:_identify(log) by extensions ['ignore', 'ignore_ament_install']
[1.021s] Level 1:colcon.colcon_core.package_identification:_identify(log) by extension 'ignore'
[1.021s] Level 1:colcon.colcon_core.package_identification:_identify(log) ignored
[1.021s] Level 1:colcon.colcon_core.package_identification:_identify(src) by extensions ['ignore', 'ignore_ament_install']
[1.021s] Level 1:colcon.colcon_core.package_identification:_identify(src) by extension 'ignore'
[1.021s] Level 1:colcon.colcon_core.package_identification:_identify(src) by extension 'ignore_ament_install'
[1.021s] Level 1:colcon.colcon_core.package_identification:_identify(src) by extensions ['colcon_pkg']
[1.021s] Level 1:colcon.colcon_core.package_identification:_identify(src) by extension 'colcon_pkg'
[1.022s] Level 1:colcon.colcon_core.package_identification:_identify(src) by extensions ['colcon_meta']
[1.022s] Level 1:colcon.colcon_core.package_identification:_identify(src) by extension 'colcon_meta'
[1.022s] Level 1:colcon.colcon_core.package_identification:_identify(src) by extensions ['ros']
[1.022s] Level 1:colcon.colcon_core.package_identification:_identify(src) by extension 'ros'
[1.022s] Level 1:colcon.colcon_core.package_identification:_identify(src) by extensions ['cmake', 'python']
[1.022s] Level 1:colcon.colcon_core.package_identification:_identify(src) by extension 'cmake'
[1.022s] Level 1:colcon.colcon_core.package_identification:_identify(src) by extension 'python'
[1.022s] Level 1:colcon.colcon_core.package_identification:_identify(src) by extensions ['python_setup_py']
[1.022s] Level 1:colcon.colcon_core.package_identification:_identify(src) by extension 'python_setup_py'
[1.023s] Level 1:colcon.colcon_core.package_identification:_identify(src/auv) by extensions ['ignore', 'ignore_ament_install']
[1.023s] Level 1:colcon.colcon_core.package_identification:_identify(src/auv) by extension 'ignore'
[1.023s] Level 1:colcon.colcon_core.package_identification:_identify(src/auv) by extension 'ignore_ament_install'
[1.023s] Level 1:colcon.colcon_core.package_identification:_identify(src/auv) by extensions ['colcon_pkg']
[1.023s] Level 1:colcon.colcon_core.package_identification:_identify(src/auv) by extension 'colcon_pkg'
[1.023s] Level 1:colcon.colcon_core.package_identification:_identify(src/auv) by extensions ['colcon_meta']
[1.023s] Level 1:colcon.colcon_core.package_identification:_identify(src/auv) by extension 'colcon_meta'
[1.023s] Level 1:colcon.colcon_core.package_identification:_identify(src/auv) by extensions ['ros']
[1.023s] Level 1:colcon.colcon_core.package_identification:_identify(src/auv) by extension 'ros'
[1.029s] DEBUG:colcon.colcon_core.package_identification:Package 'src/auv' with type 'ros.ament_python' and name 'auv'
[1.030s] Level 1:colcon.colcon_core.package_identification:_identify(src/packageSample) by extensions ['ignore', 'ignore_ament_install']
[1.030s] Level 1:colcon.colcon_core.package_identification:_identify(src/packageSample) by extension 'ignore'
[1.030s] Level 1:colcon.colcon_core.package_identification:_identify(src/packageSample) by extension 'ignore_ament_install'
[1.030s] Level 1:colcon.colcon_core.package_identification:_identify(src/packageSample) by extensions ['colcon_pkg']
[1.030s] Level 1:colcon.colcon_core.package_identification:_identify(src/packageSample) by extension 'colcon_pkg'
[1.030s] Level 1:colcon.colcon_core.package_identification:_identify(src/packageSample) by extensions ['colcon_meta']
[1.031s] Level 1:colcon.colcon_core.package_identification:_identify(src/packageSample) by extension 'colcon_meta'
[1.031s] Level 1:colcon.colcon_core.package_identification:_identify(src/packageSample) by extensions ['ros']
[1.031s] Level 1:colcon.colcon_core.package_identification:_identify(src/packageSample) by extension 'ros'
[1.032s] DEBUG:colcon.colcon_core.package_identification:Package 'src/packageSample' with type 'ros.ament_cmake' and name 'packageSample'
[1.032s] Level 1:colcon.colcon_core.package_identification:_identify(src/py_pubsub) by extensions ['ignore', 'ignore_ament_install']
[1.032s] Level 1:colcon.colcon_core.package_identification:_identify(src/py_pubsub) by extension 'ignore'
[1.033s] Level 1:colcon.colcon_core.package_identification:_identify(src/py_pubsub) by extension 'ignore_ament_install'
[1.033s] Level 1:colcon.colcon_core.package_identification:_identify(src/py_pubsub) by extensions ['colcon_pkg']
[1.033s] Level 1:colcon.colcon_core.package_identification:_identify(src/py_pubsub) by extension 'colcon_pkg'
[1.033s] Level 1:colcon.colcon_core.package_identification:_identify(src/py_pubsub) by extensions ['colcon_meta']
[1.033s] Level 1:colcon.colcon_core.package_identification:_identify(src/py_pubsub) by extension 'colcon_meta'
[1.033s] Level 1:colcon.colcon_core.package_identification:_identify(src/py_pubsub) by extensions ['ros']
[1.033s] Level 1:colcon.colcon_core.package_identification:_identify(src/py_pubsub) by extension 'ros'
[1.034s] DEBUG:colcon.colcon_core.package_identification:Package 'src/py_pubsub' with type 'ros.ament_python' and name 'py_pubsub'
[1.034s] Level 1:colcon.colcon_core.package_identification:_identify(src/ros_tutorials) by extensions ['ignore', 'ignore_ament_install']
[1.035s] Level 1:colcon.colcon_core.package_identification:_identify(src/ros_tutorials) by extension 'ignore'
[1.035s] Level 1:colcon.colcon_core.package_identification:_identify(src/ros_tutorials) by extension 'ignore_ament_install'
[1.035s] Level 1:colcon.colcon_core.package_identification:_identify(src/ros_tutorials) by extensions ['colcon_pkg']
[1.035s] Level 1:colcon.colcon_core.package_identification:_identify(src/ros_tutorials) by extension 'colcon_pkg'
[1.035s] Level 1:colcon.colcon_core.package_identification:_identify(src/ros_tutorials) by extensions ['colcon_meta']
[1.035s] Level 1:colcon.colcon_core.package_identification:_identify(src/ros_tutorials) by extension 'colcon_meta'
[1.035s] Level 1:colcon.colcon_core.package_identification:_identify(src/ros_tutorials) by extensions ['ros']
[1.035s] Level 1:colcon.colcon_core.package_identification:_identify(src/ros_tutorials) by extension 'ros'
[1.035s] Level 1:colcon.colcon_core.package_identification:_identify(src/ros_tutorials) by extensions ['cmake', 'python']
[1.036s] Level 1:colcon.colcon_core.package_identification:_identify(src/ros_tutorials) by extension 'cmake'
[1.036s] Level 1:colcon.colcon_core.package_identification:_identify(src/ros_tutorials) by extension 'python'
[1.036s] Level 1:colcon.colcon_core.package_identification:_identify(src/ros_tutorials) by extensions ['python_setup_py']
[1.036s] Level 1:colcon.colcon_core.package_identification:_identify(src/ros_tutorials) by extension 'python_setup_py'
[1.036s] Level 1:colcon.colcon_core.package_identification:_identify(src/ros_tutorials/ros_tutorials) by extensions ['ignore', 'ignore_ament_install']
[1.036s] Level 1:colcon.colcon_core.package_identification:_identify(src/ros_tutorials/ros_tutorials) by extension 'ignore'
[1.036s] Level 1:colcon.colcon_core.package_identification:_identify(src/ros_tutorials/ros_tutorials) ignored
[1.037s] Level 1:colcon.colcon_core.package_identification:_identify(src/ros_tutorials/roscpp_tutorials) by extensions ['ignore', 'ignore_ament_install']
[1.037s] Level 1:colcon.colcon_core.package_identification:_identify(src/ros_tutorials/roscpp_tutorials) by extension 'ignore'
[1.037s] Level 1:colcon.colcon_core.package_identification:_identify(src/ros_tutorials/roscpp_tutorials) ignored
[1.037s] Level 1:colcon.colcon_core.package_identification:_identify(src/ros_tutorials/rospy_tutorials) by extensions ['ignore', 'ignore_ament_install']
[1.037s] Level 1:colcon.colcon_core.package_identification:_identify(src/ros_tutorials/rospy_tutorials) by extension 'ignore'
[1.038s] Level 1:colcon.colcon_core.package_identification:_identify(src/ros_tutorials/rospy_tutorials) ignored
[1.038s] Level 1:colcon.colcon_core.package_identification:_identify(src/ros_tutorials/turtlesim) by extensions ['ignore', 'ignore_ament_install']
[1.038s] Level 1:colcon.colcon_core.package_identification:_identify(src/ros_tutorials/turtlesim) by extension 'ignore'
[1.038s] Level 1:colcon.colcon_core.package_identification:_identify(src/ros_tutorials/turtlesim) by extension 'ignore_ament_install'
[1.038s] Level 1:colcon.colcon_core.package_identification:_identify(src/ros_tutorials/turtlesim) by extensions ['colcon_pkg']
[1.038s] Level 1:colcon.colcon_core.package_identification:_identify(src/ros_tutorials/turtlesim) by extension 'colcon_pkg'
[1.038s] Level 1:colcon.colcon_core.package_identification:_identify(src/ros_tutorials/turtlesim) by extensions ['colcon_meta']
[1.038s] Level 1:colcon.colcon_core.package_identification:_identify(src/ros_tutorials/turtlesim) by extension 'colcon_meta'
[1.039s] Level 1:colcon.colcon_core.package_identification:_identify(src/ros_tutorials/turtlesim) by extensions ['ros']
[1.039s] Level 1:colcon.colcon_core.package_identification:_identify(src/ros_tutorials/turtlesim) by extension 'ros'
[1.041s] DEBUG:colcon.colcon_core.package_identification:Package 'src/ros_tutorials/turtlesim' with type 'ros.ament_cmake' and name 'turtlesim'
[1.041s] Level 1:colcon.colcon_core.package_discovery:discover_packages(recursive) using defaults
[1.041s] Level 1:colcon.colcon_core.package_discovery:discover_packages(ignore) discover
[1.041s] Level 1:colcon.colcon_core.package_discovery:discover_packages(ignore) using defaults
[1.041s] Level 1:colcon.colcon_core.package_discovery:discover_packages(path) discover
[1.041s] Level 1:colcon.colcon_core.package_discovery:discover_packages(path) using defaults
[1.090s] INFO:colcon.colcon_core.package_selection:Skipping not selected package 'packageSample' in 'src/packageSample'
[1.090s] INFO:colcon.colcon_core.package_selection:Skipping not selected package 'py_pubsub' in 'src/py_pubsub'
[1.090s] INFO:colcon.colcon_core.package_selection:Skipping not selected package 'turtlesim' in 'src/ros_tutorials/turtlesim'
[1.091s] Level 1:colcon.colcon_core.package_discovery:discover_packages(prefix_path) check parameters
[1.091s] Level 1:colcon.colcon_core.package_discovery:discover_packages(prefix_path) discover
[1.096s] DEBUG:colcon.colcon_installed_package_information.package_discovery:Found 4 installed packages in /home/wiredauv2024/AUV/WIRED24-25/ros2/install
[1.098s] DEBUG:colcon.colcon_installed_package_information.package_discovery:Found 268 installed packages in /opt/ros/galactic
[1.102s] Level 1:colcon.colcon_core.package_discovery:discover_packages(prefix_path) using defaults
[1.237s] Level 5:colcon.colcon_core.verb:set package 'auv' build argument 'cmake_args' from command line to 'None'
[1.237s] Level 5:colcon.colcon_core.verb:set package 'auv' build argument 'cmake_target' from command line to 'None'
[1.237s] Level 5:colcon.colcon_core.verb:set package 'auv' build argument 'cmake_target_skip_unavailable' from command line to 'False'
[1.237s] Level 5:colcon.colcon_core.verb:set package 'auv' build argument 'cmake_clean_cache' from command line to 'False'
[1.237s] Level 5:colcon.colcon_core.verb:set package 'auv' build argument 'cmake_clean_first' from command line to 'False'
[1.237s] Level 5:colcon.colcon_core.verb:set package 'auv' build argument 'cmake_force_configure' from command line to 'False'
[1.237s] Level 5:colcon.colcon_core.verb:set package 'auv' build argument 'ament_cmake_args' from command line to 'None'
[1.237s] Level 5:colcon.colcon_core.verb:set package 'auv' build argument 'catkin_cmake_args' from command line to 'None'
[1.237s] Level 5:colcon.colcon_core.verb:set package 'auv' build argument 'catkin_skip_building_tests' from command line to 'False'
[1.237s] DEBUG:colcon.colcon_core.verb:Building package 'auv' with the following arguments: {'ament_cmake_args': None, 'build_base': '/home/wiredauv2024/AUV/WIRED24-25/ros2/build/auv', 'catkin_cmake_args': None, 'catkin_skip_building_tests': False, 'cmake_args': None, 'cmake_clean_cache': False, 'cmake_clean_first': False, 'cmake_force_configure': False, 'cmake_target': None, 'cmake_target_skip_unavailable': False, 'install_base': '/home/wiredauv2024/AUV/WIRED24-25/ros2/install/auv', 'merge_install': False, 'path': '/home/wiredauv2024/AUV/WIRED24-25/ros2/src/auv', 'symlink_install': False, 'test_result_base': None}
[1.238s] INFO:colcon.colcon_core.executor:Executing jobs using 'parallel' executor
[1.241s] DEBUG:colcon.colcon_parallel_executor.executor.parallel:run_until_complete
[1.241s] INFO:colcon.colcon_ros.task.ament_python.build:Building ROS package in '/home/wiredauv2024/AUV/WIRED24-25/ros2/src/auv' with build type 'ament_python'
[1.242s] Level 1:colcon.colcon_core.shell:create_environment_hook('auv', 'ament_prefix_path')
[1.246s] INFO:colcon.colcon_core.plugin_system:Skipping extension 'colcon_core.shell.bat': Not used on non-Windows systems
[1.247s] INFO:colcon.colcon_core.shell:Creating environment hook '/home/wiredauv2024/AUV/WIRED24-25/ros2/install/auv/share/auv/hook/ament_prefix_path.ps1'
[1.249s] INFO:colcon.colcon_core.shell:Creating environment descriptor '/home/wiredauv2024/AUV/WIRED24-25/ros2/install/auv/share/auv/hook/ament_prefix_path.dsv'
[1.250s] INFO:colcon.colcon_core.shell:Creating environment hook '/home/wiredauv2024/AUV/WIRED24-25/ros2/install/auv/share/auv/hook/ament_prefix_path.sh'
[1.253s] INFO:colcon.colcon_core.shell:Skip shell extension 'powershell' for command environment: Not usable outside of PowerShell
[1.253s] DEBUG:colcon.colcon_core.shell:Skip shell extension 'dsv' for command environment
[1.943s] INFO:colcon.colcon_core.task.python.build:Building Python package in '/home/wiredauv2024/AUV/WIRED24-25/ros2/src/auv'
[1.945s] INFO:colcon.colcon_core.shell:Skip shell extension 'powershell' for command environment: Not usable outside of PowerShell
[1.945s] DEBUG:colcon.colcon_core.shell:Skip shell extension 'dsv' for command environment
[3.012s] DEBUG:colcon.colcon_core.event_handler.log_command:Invoking command in '/home/wiredauv2024/AUV/WIRED24-25/ros2/src/auv': PYTHONPATH=/home/wiredauv2024/AUV/WIRED24-25/ros2/build/auv/prefix_override:/usr/lib/python3/dist-packages/colcon_core/task/python/colcon_distutils_commands:/home/wiredauv2024/AUV/WIRED24-25/ros2/install/auv/lib/python3.8/site-packages:${PYTHONPATH} /usr/bin/python3 -W ignore:setup.py install is deprecated -W ignore:easy_install command is deprecated setup.py egg_info --egg-base ../../build/auv build --build-base /home/wiredauv2024/AUV/WIRED24-25/ros2/build/auv/build install --record /home/wiredauv2024/AUV/WIRED24-25/ros2/build/auv/install.log --single-version-externally-managed install_data
[3.779s] DEBUG:colcon.colcon_core.event_handler.log_command:Invoked command in '/home/wiredauv2024/AUV/WIRED24-25/ros2/src/auv' returned '0': PYTHONPATH=/home/wiredauv2024/AUV/WIRED24-25/ros2/build/auv/prefix_override:/usr/lib/python3/dist-packages/colcon_core/task/python/colcon_distutils_commands:/home/wiredauv2024/AUV/WIRED24-25/ros2/install/auv/lib/python3.8/site-packages:${PYTHONPATH} /usr/bin/python3 -W ignore:setup.py install is deprecated -W ignore:easy_install command is deprecated setup.py egg_info --egg-base ../../build/auv build --build-base /home/wiredauv2024/AUV/WIRED24-25/ros2/build/auv/build install --record /home/wiredauv2024/AUV/WIRED24-25/ros2/build/auv/install.log --single-version-externally-managed install_data
[3.789s] Level 1:colcon.colcon_core.environment:checking '/home/wiredauv2024/AUV/WIRED24-25/ros2/install/auv' for CMake module files
[3.791s] Level 1:colcon.colcon_core.environment:checking '/home/wiredauv2024/AUV/WIRED24-25/ros2/install/auv' for CMake config files
[3.793s] Level 1:colcon.colcon_core.shell:create_environment_hook('auv', 'cmake_prefix_path')
[3.794s] INFO:colcon.colcon_core.shell:Creating environment hook '/home/wiredauv2024/AUV/WIRED24-25/ros2/install/auv/share/auv/hook/cmake_prefix_path.ps1'
[3.796s] INFO:colcon.colcon_core.shell:Creating environment descriptor '/home/wiredauv2024/AUV/WIRED24-25/ros2/install/auv/share/auv/hook/cmake_prefix_path.dsv'
[3.797s] INFO:colcon.colcon_core.shell:Creating environment hook '/home/wiredauv2024/AUV/WIRED24-25/ros2/install/auv/share/auv/hook/cmake_prefix_path.sh'
[3.800s] Level 1:colcon.colcon_core.environment:checking '/home/wiredauv2024/AUV/WIRED24-25/ros2/install/auv/lib'
[3.802s] Level 1:colcon.colcon_core.environment:checking '/home/wiredauv2024/AUV/WIRED24-25/ros2/install/auv/bin'
[3.803s] Level 1:colcon.colcon_core.environment:checking '/home/wiredauv2024/AUV/WIRED24-25/ros2/install/auv/lib/pkgconfig/auv.pc'
[3.804s] Level 1:colcon.colcon_core.environment:checking '/home/wiredauv2024/AUV/WIRED24-25/ros2/install/auv/lib/python3.8/site-packages'
[3.804s] Level 1:colcon.colcon_core.shell:create_environment_hook('auv', 'pythonpath')
[3.805s] INFO:colcon.colcon_core.shell:Creating environment hook '/home/wiredauv2024/AUV/WIRED24-25/ros2/install/auv/share/auv/hook/pythonpath.ps1'
[3.806s] INFO:colcon.colcon_core.shell:Creating environment descriptor '/home/wiredauv2024/AUV/WIRED24-25/ros2/install/auv/share/auv/hook/pythonpath.dsv'
[3.807s] INFO:colcon.colcon_core.shell:Creating environment hook '/home/wiredauv2024/AUV/WIRED24-25/ros2/install/auv/share/auv/hook/pythonpath.sh'
[3.809s] Level 1:colcon.colcon_core.environment:checking '/home/wiredauv2024/AUV/WIRED24-25/ros2/install/auv/bin'
[3.809s] Level 1:colcon.colcon_core.environment:create_environment_scripts_only(auv)
[3.810s] INFO:colcon.colcon_core.shell:Creating package script '/home/wiredauv2024/AUV/WIRED24-25/ros2/install/auv/share/auv/package.ps1'
[3.813s] INFO:colcon.colcon_core.shell:Creating package descriptor '/home/wiredauv2024/AUV/WIRED24-25/ros2/install/auv/share/auv/package.dsv'
[3.814s] INFO:colcon.colcon_core.shell:Creating package script '/home/wiredauv2024/AUV/WIRED24-25/ros2/install/auv/share/auv/package.sh'
[3.816s] INFO:colcon.colcon_core.shell:Creating package script '/home/wiredauv2024/AUV/WIRED24-25/ros2/install/auv/share/auv/package.bash'
[3.819s] INFO:colcon.colcon_core.shell:Creating package script '/home/wiredauv2024/AUV/WIRED24-25/ros2/install/auv/share/auv/package.zsh'
[3.822s] Level 1:colcon.colcon_core.environment:create_file_with_runtime_dependencies(/home/wiredauv2024/AUV/WIRED24-25/ros2/install/auv/share/colcon-core/packages/auv)
[3.823s] DEBUG:colcon.colcon_parallel_executor.executor.parallel:closing loop
[3.824s] DEBUG:colcon.colcon_parallel_executor.executor.parallel:loop closed
[3.825s] DEBUG:colcon.colcon_parallel_executor.executor.parallel:run_until_complete finished with '0'
[3.825s] DEBUG:colcon.colcon_core.event_reactor:joining thread
[3.844s] INFO:colcon.colcon_core.plugin_system:Skipping extension 'colcon_notification.desktop_notification.terminal_notifier': Not used on non-Darwin systems
[3.979s] INFO:colcon.colcon_core.plugin_system:Skipping extension 'colcon_notification.desktop_notification.win32': Not used on non-Windows systems
[3.980s] INFO:colcon.colcon_notification.desktop_notification:Sending desktop notification using 'notify2'
[4.035s] DEBUG:colcon.colcon_core.event_reactor:joined thread
[4.037s] INFO:colcon.colcon_core.shell:Creating prefix script '/home/wiredauv2024/AUV/WIRED24-25/ros2/install/local_setup.ps1'
[4.040s] INFO:colcon.colcon_core.shell:Creating prefix util module '/home/wiredauv2024/AUV/WIRED24-25/ros2/install/_local_setup_util_ps1.py'
[4.049s] INFO:colcon.colcon_core.shell:Creating prefix chain script '/home/wiredauv2024/AUV/WIRED24-25/ros2/install/setup.ps1'
[4.053s] INFO:colcon.colcon_core.shell:Creating prefix script '/home/wiredauv2024/AUV/WIRED24-25/ros2/install/local_setup.sh'
[4.055s] INFO:colcon.colcon_core.shell:Creating prefix util module '/home/wiredauv2024/AUV/WIRED24-25/ros2/install/_local_setup_util_sh.py'
[4.056s] INFO:colcon.colcon_core.shell:Creating prefix chain script '/home/wiredauv2024/AUV/WIRED24-25/ros2/install/setup.sh'
[4.059s] INFO:colcon.colcon_core.shell:Creating prefix script '/home/wiredauv2024/AUV/WIRED24-25/ros2/install/local_setup.bash'
[4.060s] INFO:colcon.colcon_core.shell:Creating prefix chain script '/home/wiredauv2024/AUV/WIRED24-25/ros2/install/setup.bash'
[4.062s] INFO:colcon.colcon_core.shell:Creating prefix script '/home/wiredauv2024/AUV/WIRED24-25/ros2/install/local_setup.zsh'
[4.063s] INFO:colcon.colcon_core.shell:Creating prefix chain script '/home/wiredauv2024/AUV/WIRED24-25/ros2/install/setup.zsh'
