[2.714s] Invoking command in '/home/wiredauv2024/AUV/WIRED24-25/ros2/src/py_pubsub': PYTHONPATH=/home/wiredauv2024/AUV/WIRED24-25/ros2/build/py_pubsub/prefix_override:/usr/lib/python3/dist-packages/colcon_core/task/python/colcon_distutils_commands:/home/wiredauv2024/AUV/WIRED24-25/ros2/install/py_pubsub/lib/python3.8/site-packages:${PYTHONPATH} /usr/bin/python3 -W ignore:setup.py install is deprecated -W ignore:easy_install command is deprecated setup.py egg_info --egg-base ../../build/py_pubsub build --build-base /home/wiredauv2024/AUV/WIRED24-25/ros2/build/py_pubsub/build install --record /home/wiredauv2024/AUV/WIRED24-25/ros2/build/py_pubsub/install.log --single-version-externally-managed install_data
[3.305s] running egg_info
[3.306s] writing ../../build/py_pubsub/py_pubsub.egg-info/PKG-INFO
[3.307s] writing dependency_links to ../../build/py_pubsub/py_pubsub.egg-info/dependency_links.txt
[3.307s] writing entry points to ../../build/py_pubsub/py_pubsub.egg-info/entry_points.txt
[3.307s] writing requirements to ../../build/py_pubsub/py_pubsub.egg-info/requires.txt
[3.308s] writing top-level names to ../../build/py_pubsub/py_pubsub.egg-info/top_level.txt
[3.315s] reading manifest file '../../build/py_pubsub/py_pubsub.egg-info/SOURCES.txt'
[3.317s] writing manifest file '../../build/py_pubsub/py_pubsub.egg-info/SOURCES.txt'
[3.318s] running build
[3.318s] running build_py
[3.318s] running install
[3.321s] running install_lib
[3.324s] running install_data
[3.325s] running install_egg_info
[3.329s] removing '/home/wiredauv2024/AUV/WIRED24-25/ros2/install/py_pubsub/lib/python3.8/site-packages/py_pubsub-0.0.0-py3.8.egg-info' (and everything under it)
[3.330s] Copying ../../build/py_pubsub/py_pubsub.egg-info to /home/wiredauv2024/AUV/WIRED24-25/ros2/install/py_pubsub/lib/python3.8/site-packages/py_pubsub-0.0.0-py3.8.egg-info
[3.332s] running install_scripts
[3.380s] Installing listener script to /home/wiredauv2024/AUV/WIRED24-25/ros2/install/py_pubsub/lib/py_pubsub
[3.380s] Installing talker script to /home/wiredauv2024/AUV/WIRED24-25/ros2/install/py_pubsub/lib/py_pubsub
[3.381s] writing list of installed files to '/home/wiredauv2024/AUV/WIRED24-25/ros2/build/py_pubsub/install.log'
[3.499s] Invoked command in '/home/wiredauv2024/AUV/WIRED24-25/ros2/src/py_pubsub' returned '0': PYTHONPATH=/home/wiredauv2024/AUV/WIRED24-25/ros2/build/py_pubsub/prefix_override:/usr/lib/python3/dist-packages/colcon_core/task/python/colcon_distutils_commands:/home/wiredauv2024/AUV/WIRED24-25/ros2/install/py_pubsub/lib/python3.8/site-packages:${PYTHONPATH} /usr/bin/python3 -W ignore:setup.py install is deprecated -W ignore:easy_install command is deprecated setup.py egg_info --egg-base ../../build/py_pubsub build --build-base /home/wiredauv2024/AUV/WIRED24-25/ros2/build/py_pubsub/build install --record /home/wiredauv2024/AUV/WIRED24-25/ros2/build/py_pubsub/install.log --single-version-externally-managed install_data
