[1.820s] Invoking command in '/home/wiredauv2024/AUV/WIRED24-25/ros2/src/auv': PYTHONPATH=/home/wiredauv2024/AUV/WIRED24-25/ros2/build/auv/prefix_override:/usr/lib/python3/dist-packages/colcon_core/task/python/colcon_distutils_commands:/home/wiredauv2024/AUV/WIRED24-25/ros2/install/auv/lib/python3.8/site-packages:${PYTHONPATH} /usr/bin/python3 -W ignore:setup.py install is deprecated -W ignore:easy_install command is deprecated setup.py egg_info --egg-base ../../build/auv build --build-base /home/wiredauv2024/AUV/WIRED24-25/ros2/build/auv/build install --record /home/wiredauv2024/AUV/WIRED24-25/ros2/build/auv/install.log --single-version-externally-managed install_data
[2.429s] running egg_info
[2.430s] writing ../../build/auv/auv.egg-info/PKG-INFO
[2.430s] writing dependency_links to ../../build/auv/auv.egg-info/dependency_links.txt
[2.431s] writing entry points to ../../build/auv/auv.egg-info/entry_points.txt
[2.431s] writing requirements to ../../build/auv/auv.egg-info/requires.txt
[2.432s] writing top-level names to ../../build/auv/auv.egg-info/top_level.txt
[2.447s] reading manifest file '../../build/auv/auv.egg-info/SOURCES.txt'
[2.448s] writing manifest file '../../build/auv/auv.egg-info/SOURCES.txt'
[2.448s] running build
[2.448s] running build_py
[2.449s] copying auv/sub_draft.py -> /home/wiredauv2024/AUV/WIRED24-25/ros2/build/auv/build/lib/auv
[2.449s] copying auv/ms_pub.py -> /home/wiredauv2024/AUV/WIRED24-25/ros2/build/auv/build/lib/auv
[2.450s] running install
[2.453s] running install_lib
[2.456s] copying /home/wiredauv2024/AUV/WIRED24-25/ros2/build/auv/build/lib/auv/sub_draft.py -> /home/wiredauv2024/AUV/WIRED24-25/ros2/install/auv/lib/python3.8/site-packages/auv
[2.457s] copying /home/wiredauv2024/AUV/WIRED24-25/ros2/build/auv/build/lib/auv/ms_pub.py -> /home/wiredauv2024/AUV/WIRED24-25/ros2/install/auv/lib/python3.8/site-packages/auv
[2.458s] byte-compiling /home/wiredauv2024/AUV/WIRED24-25/ros2/install/auv/lib/python3.8/site-packages/auv/sub_draft.py to sub_draft.cpython-38.pyc
[2.460s] byte-compiling /home/wiredauv2024/AUV/WIRED24-25/ros2/install/auv/lib/python3.8/site-packages/auv/ms_pub.py to ms_pub.cpython-38.pyc
[2.461s] running install_data
[2.461s] running install_egg_info
[2.465s] removing '/home/wiredauv2024/AUV/WIRED24-25/ros2/install/auv/lib/python3.8/site-packages/auv-0.0.0-py3.8.egg-info' (and everything under it)
[2.466s] Copying ../../build/auv/auv.egg-info to /home/wiredauv2024/AUV/WIRED24-25/ros2/install/auv/lib/python3.8/site-packages/auv-0.0.0-py3.8.egg-info
[2.468s] running install_scripts
[2.510s] Installing cam_pub script to /home/wiredauv2024/AUV/WIRED24-25/ros2/install/auv/lib/auv
[2.510s] Installing ms_pub script to /home/wiredauv2024/AUV/WIRED24-25/ros2/install/auv/lib/auv
[2.510s] Installing ping_pub script to /home/wiredauv2024/AUV/WIRED24-25/ros2/install/auv/lib/auv
[2.511s] Installing sub_draft script to /home/wiredauv2024/AUV/WIRED24-25/ros2/install/auv/lib/auv
[2.511s] Installing vn_pub script to /home/wiredauv2024/AUV/WIRED24-25/ros2/install/auv/lib/auv
[2.512s] writing list of installed files to '/home/wiredauv2024/AUV/WIRED24-25/ros2/build/auv/install.log'
[2.601s] Invoked command in '/home/wiredauv2024/AUV/WIRED24-25/ros2/src/auv' returned '0': PYTHONPATH=/home/wiredauv2024/AUV/WIRED24-25/ros2/build/auv/prefix_override:/usr/lib/python3/dist-packages/colcon_core/task/python/colcon_distutils_commands:/home/wiredauv2024/AUV/WIRED24-25/ros2/install/auv/lib/python3.8/site-packages:${PYTHONPATH} /usr/bin/python3 -W ignore:setup.py install is deprecated -W ignore:easy_install command is deprecated setup.py egg_info --egg-base ../../build/auv build --build-base /home/wiredauv2024/AUV/WIRED24-25/ros2/build/auv/build install --record /home/wiredauv2024/AUV/WIRED24-25/ros2/build/auv/install.log --single-version-externally-managed install_data
