[2.215s] Invoking command in '/home/wiredauv2024/AUV/WIRED24-25/ros2/src/py_pubsub': PYTHONPATH=/home/wiredauv2024/AUV/WIRED24-25/ros2/build/py_pubsub/prefix_override:/usr/lib/python3/dist-packages/colcon_core/task/python/colcon_distutils_commands:/home/wiredauv2024/AUV/WIRED24-25/ros2/install/py_pubsub/lib/python3.8/site-packages:${PYTHONPATH} /usr/bin/python3 -W ignore:setup.py install is deprecated -W ignore:easy_install command is deprecated setup.py egg_info --egg-base ../../build/py_pubsub build --build-base /home/wiredauv2024/AUV/WIRED24-25/ros2/build/py_pubsub/build install --record /home/wiredauv2024/AUV/WIRED24-25/ros2/build/py_pubsub/install.log --single-version-externally-managed install_data
[2.819s] running egg_info
[2.820s] writing ../../build/py_pubsub/py_pubsub.egg-info/PKG-INFO
[2.821s] writing dependency_links to ../../build/py_pubsub/py_pubsub.egg-info/dependency_links.txt
[2.821s] writing entry points to ../../build/py_pubsub/py_pubsub.egg-info/entry_points.txt
[2.822s] writing requirements to ../../build/py_pubsub/py_pubsub.egg-info/requires.txt
[2.822s] writing top-level names to ../../build/py_pubsub/py_pubsub.egg-info/top_level.txt
[2.832s] reading manifest file '../../build/py_pubsub/py_pubsub.egg-info/SOURCES.txt'
[2.834s] writing manifest file '../../build/py_pubsub/py_pubsub.egg-info/SOURCES.txt'
[2.834s] running build
[2.834s] running build_py
[2.835s] running install
[2.836s] running install_lib
[2.839s] running install_data
[2.840s] running install_egg_info
[2.843s] removing '/home/wiredauv2024/AUV/WIRED24-25/ros2/install/py_pubsub/lib/python3.8/site-packages/py_pubsub-0.0.0-py3.8.egg-info' (and everything under it)
[2.844s] Copying ../../build/py_pubsub/py_pubsub.egg-info to /home/wiredauv2024/AUV/WIRED24-25/ros2/install/py_pubsub/lib/python3.8/site-packages/py_pubsub-0.0.0-py3.8.egg-info
[2.846s] running install_scripts
[2.891s] Installing listener script to /home/wiredauv2024/AUV/WIRED24-25/ros2/install/py_pubsub/lib/py_pubsub
[2.891s] Installing talker script to /home/wiredauv2024/AUV/WIRED24-25/ros2/install/py_pubsub/lib/py_pubsub
[2.892s] writing list of installed files to '/home/wiredauv2024/AUV/WIRED24-25/ros2/build/py_pubsub/install.log'
[2.979s] Invoked command in '/home/wiredauv2024/AUV/WIRED24-25/ros2/src/py_pubsub' returned '0': PYTHONPATH=/home/wiredauv2024/AUV/WIRED24-25/ros2/build/py_pubsub/prefix_override:/usr/lib/python3/dist-packages/colcon_core/task/python/colcon_distutils_commands:/home/wiredauv2024/AUV/WIRED24-25/ros2/install/py_pubsub/lib/python3.8/site-packages:${PYTHONPATH} /usr/bin/python3 -W ignore:setup.py install is deprecated -W ignore:easy_install command is deprecated setup.py egg_info --egg-base ../../build/py_pubsub build --build-base /home/wiredauv2024/AUV/WIRED24-25/ros2/build/py_pubsub/build install --record /home/wiredauv2024/AUV/WIRED24-25/ros2/build/py_pubsub/install.log --single-version-externally-managed install_data
