[1.957s] DEBUG:colcon:Command line arguments: ['/usr/bin/colcon', 'build', '--packages-select', 'auv']
[1.957s] DEBUG:colcon:Parsed command line arguments: Namespace(allow_overriding=[], ament_cmake_args=None, base_paths=['.'], build_base='build', catkin_cmake_args=None, catkin_skip_building_tests=False, cmake_args=None, cmake_clean_cache=False, cmake_clean_first=False, cmake_force_configure=False, cmake_target=None, cmake_target_skip_unavailable=False, continue_on_error=False, event_handlers=None, executor='parallel', ignore_user_meta=False, install_base='install', log_base=None, log_level=None, main=<bound method BuildVerb.main of <colcon_core.verb.build.BuildVerb object at 0xffff9143afa0>>, merge_install=False, metas=['./colcon.meta'], packages_above=None, packages_above_and_dependencies=None, packages_above_depth=None, packages_end=None, packages_ignore=None, packages_ignore_regex=None, packages_select=['auv'], packages_select_build_failed=False, packages_select_by_dep=None, packages_select_regex=None, packages_select_test_failures=False, packages_skip=None, packages_skip_build_finished=False, packages_skip_by_dep=None, packages_skip_regex=None, packages_skip_test_passed=False, packages_skip_up_to=None, packages_start=None, packages_up_to=None, packages_up_to_regex=None, parallel_workers=6, paths=None, symlink_install=False, test_result_base=None, verb_extension=<colcon_core.verb.build.BuildVerb object at 0xffff9143afa0>, verb_name='build', verb_parser=<colcon_defaults.argument_parser.defaults.DefaultArgumentsDecorator object at 0xffff91445700>)
[2.896s] Level 1:colcon.colcon_core.package_discovery:discover_packages(colcon_meta) check parameters
[2.897s] Level 1:colcon.colcon_core.package_discovery:discover_packages(recursive) check parameters
[2.897s] Level 1:colcon.colcon_core.package_discovery:discover_packages(ignore) check parameters
[2.897s] Level 1:colcon.colcon_core.package_discovery:discover_packages(path) check parameters
[2.897s] Level 1:colcon.colcon_core.package_discovery:discover_packages(colcon_meta) discover
[2.897s] Level 1:colcon.colcon_core.package_discovery:discover_packages(recursive) discover
[2.898s] INFO:colcon.colcon_core.package_discovery:Crawling recursively for packages in '/home/wiredauv2024/AUV/WIRED24-25/ros2'
[2.898s] Level 1:colcon.colcon_core.package_identification:_identify(.) by extensions ['ignore', 'ignore_ament_install']
[2.898s] Level 1:colcon.colcon_core.package_identification:_identify(.) by extension 'ignore'
[2.898s] Level 1:colcon.colcon_core.package_identification:_identify(.) by extension 'ignore_ament_install'
[2.898s] Level 1:colcon.colcon_core.package_identification:_identify(.) by extensions ['colcon_pkg']
[2.898s] Level 1:colcon.colcon_core.package_identification:_identify(.) by extension 'colcon_pkg'
[2.899s] Level 1:colcon.colcon_core.package_identification:_identify(.) by extensions ['colcon_meta']
[2.899s] Level 1:colcon.colcon_core.package_identification:_identify(.) by extension 'colcon_meta'
[2.899s] Level 1:colcon.colcon_core.package_identification:_identify(.) by extensions ['ros']
[2.899s] Level 1:colcon.colcon_core.package_identification:_identify(.) by extension 'ros'
[3.159s] Level 1:colcon.colcon_core.package_identification:_identify(.) by extensions ['cmake', 'python']
[3.160s] Level 1:colcon.colcon_core.package_identification:_identify(.) by extension 'cmake'
[3.160s] Level 1:colcon.colcon_core.package_identification:_identify(.) by extension 'python'
[3.160s] Level 1:colcon.colcon_core.package_identification:_identify(.) by extensions ['python_setup_py']
[3.160s] Level 1:colcon.colcon_core.package_identification:_identify(.) by extension 'python_setup_py'
[3.161s] Level 1:colcon.colcon_core.package_identification:_identify(build) by extensions ['ignore', 'ignore_ament_install']
[3.161s] Level 1:colcon.colcon_core.package_identification:_identify(build) by extension 'ignore'
[3.161s] Level 1:colcon.colcon_core.package_identification:_identify(build) ignored
[3.161s] Level 1:colcon.colcon_core.package_identification:_identify(install) by extensions ['ignore', 'ignore_ament_install']
[3.162s] Level 1:colcon.colcon_core.package_identification:_identify(install) by extension 'ignore'
[3.162s] Level 1:colcon.colcon_core.package_identification:_identify(install) ignored
[3.162s] Level 1:colcon.colcon_core.package_identification:_identify(log) by extensions ['ignore', 'ignore_ament_install']
[3.162s] Level 1:colcon.colcon_core.package_identification:_identify(log) by extension 'ignore'
[3.162s] Level 1:colcon.colcon_core.package_identification:_identify(log) ignored
[3.163s] Level 1:colcon.colcon_core.package_identification:_identify(src) by extensions ['ignore', 'ignore_ament_install']
[3.163s] Level 1:colcon.colcon_core.package_identification:_identify(src) by extension 'ignore'
[3.163s] Level 1:colcon.colcon_core.package_identification:_identify(src) by extension 'ignore_ament_install'
[3.163s] Level 1:colcon.colcon_core.package_identification:_identify(src) by extensions ['colcon_pkg']
[3.163s] Level 1:colcon.colcon_core.package_identification:_identify(src) by extension 'colcon_pkg'
[3.163s] Level 1:colcon.colcon_core.package_identification:_identify(src) by extensions ['colcon_meta']
[3.164s] Level 1:colcon.colcon_core.package_identification:_identify(src) by extension 'colcon_meta'
[3.164s] Level 1:colcon.colcon_core.package_identification:_identify(src) by extensions ['ros']
[3.164s] Level 1:colcon.colcon_core.package_identification:_identify(src) by extension 'ros'
[3.164s] Level 1:colcon.colcon_core.package_identification:_identify(src) by extensions ['cmake', 'python']
[3.164s] Level 1:colcon.colcon_core.package_identification:_identify(src) by extension 'cmake'
[3.164s] Level 1:colcon.colcon_core.package_identification:_identify(src) by extension 'python'
[3.164s] Level 1:colcon.colcon_core.package_identification:_identify(src) by extensions ['python_setup_py']
[3.164s] Level 1:colcon.colcon_core.package_identification:_identify(src) by extension 'python_setup_py'
[3.165s] Level 1:colcon.colcon_core.package_identification:_identify(src/auv) by extensions ['ignore', 'ignore_ament_install']
[3.165s] Level 1:colcon.colcon_core.package_identification:_identify(src/auv) by extension 'ignore'
[3.165s] Level 1:colcon.colcon_core.package_identification:_identify(src/auv) by extension 'ignore_ament_install'
[3.165s] Level 1:colcon.colcon_core.package_identification:_identify(src/auv) by extensions ['colcon_pkg']
[3.165s] Level 1:colcon.colcon_core.package_identification:_identify(src/auv) by extension 'colcon_pkg'
[3.165s] Level 1:colcon.colcon_core.package_identification:_identify(src/auv) by extensions ['colcon_meta']
[3.165s] Level 1:colcon.colcon_core.package_identification:_identify(src/auv) by extension 'colcon_meta'
[3.166s] Level 1:colcon.colcon_core.package_identification:_identify(src/auv) by extensions ['ros']
[3.166s] Level 1:colcon.colcon_core.package_identification:_identify(src/auv) by extension 'ros'
[3.312s] DEBUG:colcon.colcon_core.package_identification:Package 'src/auv' with type 'ros.ament_python' and name 'auv'
[3.313s] Level 1:colcon.colcon_core.package_identification:_identify(src/packageSample) by extensions ['ignore', 'ignore_ament_install']
[3.313s] Level 1:colcon.colcon_core.package_identification:_identify(src/packageSample) by extension 'ignore'
[3.313s] Level 1:colcon.colcon_core.package_identification:_identify(src/packageSample) by extension 'ignore_ament_install'
[3.314s] Level 1:colcon.colcon_core.package_identification:_identify(src/packageSample) by extensions ['colcon_pkg']
[3.314s] Level 1:colcon.colcon_core.package_identification:_identify(src/packageSample) by extension 'colcon_pkg'
[3.314s] Level 1:colcon.colcon_core.package_identification:_identify(src/packageSample) by extensions ['colcon_meta']
[3.314s] Level 1:colcon.colcon_core.package_identification:_identify(src/packageSample) by extension 'colcon_meta'
[3.314s] Level 1:colcon.colcon_core.package_identification:_identify(src/packageSample) by extensions ['ros']
[3.314s] Level 1:colcon.colcon_core.package_identification:_identify(src/packageSample) by extension 'ros'
[3.316s] DEBUG:colcon.colcon_core.package_identification:Package 'src/packageSample' with type 'ros.ament_cmake' and name 'packageSample'
[3.316s] Level 1:colcon.colcon_core.package_identification:_identify(src/py_pubsub) by extensions ['ignore', 'ignore_ament_install']
[3.316s] Level 1:colcon.colcon_core.package_identification:_identify(src/py_pubsub) by extension 'ignore'
[3.316s] Level 1:colcon.colcon_core.package_identification:_identify(src/py_pubsub) by extension 'ignore_ament_install'
[3.317s] Level 1:colcon.colcon_core.package_identification:_identify(src/py_pubsub) by extensions ['colcon_pkg']
[3.317s] Level 1:colcon.colcon_core.package_identification:_identify(src/py_pubsub) by extension 'colcon_pkg'
[3.317s] Level 1:colcon.colcon_core.package_identification:_identify(src/py_pubsub) by extensions ['colcon_meta']
[3.317s] Level 1:colcon.colcon_core.package_identification:_identify(src/py_pubsub) by extension 'colcon_meta'
[3.317s] Level 1:colcon.colcon_core.package_identification:_identify(src/py_pubsub) by extensions ['ros']
[3.317s] Level 1:colcon.colcon_core.package_identification:_identify(src/py_pubsub) by extension 'ros'
[3.318s] DEBUG:colcon.colcon_core.package_identification:Package 'src/py_pubsub' with type 'ros.ament_python' and name 'py_pubsub'
[3.319s] Level 1:colcon.colcon_core.package_identification:_identify(src/ros_tutorials) by extensions ['ignore', 'ignore_ament_install']
[3.319s] Level 1:colcon.colcon_core.package_identification:_identify(src/ros_tutorials) by extension 'ignore'
[3.319s] Level 1:colcon.colcon_core.package_identification:_identify(src/ros_tutorials) by extension 'ignore_ament_install'
[3.319s] Level 1:colcon.colcon_core.package_identification:_identify(src/ros_tutorials) by extensions ['colcon_pkg']
[3.319s] Level 1:colcon.colcon_core.package_identification:_identify(src/ros_tutorials) by extension 'colcon_pkg'
[3.319s] Level 1:colcon.colcon_core.package_identification:_identify(src/ros_tutorials) by extensions ['colcon_meta']
[3.319s] Level 1:colcon.colcon_core.package_identification:_identify(src/ros_tutorials) by extension 'colcon_meta'
[3.319s] Level 1:colcon.colcon_core.package_identification:_identify(src/ros_tutorials) by extensions ['ros']
[3.320s] Level 1:colcon.colcon_core.package_identification:_identify(src/ros_tutorials) by extension 'ros'
[3.320s] Level 1:colcon.colcon_core.package_identification:_identify(src/ros_tutorials) by extensions ['cmake', 'python']
[3.320s] Level 1:colcon.colcon_core.package_identification:_identify(src/ros_tutorials) by extension 'cmake'
[3.320s] Level 1:colcon.colcon_core.package_identification:_identify(src/ros_tutorials) by extension 'python'
[3.320s] Level 1:colcon.colcon_core.package_identification:_identify(src/ros_tutorials) by extensions ['python_setup_py']
[3.320s] Level 1:colcon.colcon_core.package_identification:_identify(src/ros_tutorials) by extension 'python_setup_py'
[3.321s] Level 1:colcon.colcon_core.package_identification:_identify(src/ros_tutorials/ros_tutorials) by extensions ['ignore', 'ignore_ament_install']
[3.321s] Level 1:colcon.colcon_core.package_identification:_identify(src/ros_tutorials/ros_tutorials) by extension 'ignore'
[3.321s] Level 1:colcon.colcon_core.package_identification:_identify(src/ros_tutorials/ros_tutorials) ignored
[3.322s] Level 1:colcon.colcon_core.package_identification:_identify(src/ros_tutorials/roscpp_tutorials) by extensions ['ignore', 'ignore_ament_install']
[3.322s] Level 1:colcon.colcon_core.package_identification:_identify(src/ros_tutorials/roscpp_tutorials) by extension 'ignore'
[3.322s] Level 1:colcon.colcon_core.package_identification:_identify(src/ros_tutorials/roscpp_tutorials) ignored
[3.323s] Level 1:colcon.colcon_core.package_identification:_identify(src/ros_tutorials/rospy_tutorials) by extensions ['ignore', 'ignore_ament_install']
[3.323s] Level 1:colcon.colcon_core.package_identification:_identify(src/ros_tutorials/rospy_tutorials) by extension 'ignore'
[3.323s] Level 1:colcon.colcon_core.package_identification:_identify(src/ros_tutorials/rospy_tutorials) ignored
[3.323s] Level 1:colcon.colcon_core.package_identification:_identify(src/ros_tutorials/turtlesim) by extensions ['ignore', 'ignore_ament_install']
[3.324s] Level 1:colcon.colcon_core.package_identification:_identify(src/ros_tutorials/turtlesim) by extension 'ignore'
[3.324s] Level 1:colcon.colcon_core.package_identification:_identify(src/ros_tutorials/turtlesim) by extension 'ignore_ament_install'
[3.324s] Level 1:colcon.colcon_core.package_identification:_identify(src/ros_tutorials/turtlesim) by extensions ['colcon_pkg']
[3.324s] Level 1:colcon.colcon_core.package_identification:_identify(src/ros_tutorials/turtlesim) by extension 'colcon_pkg'
[3.324s] Level 1:colcon.colcon_core.package_identification:_identify(src/ros_tutorials/turtlesim) by extensions ['colcon_meta']
[3.324s] Level 1:colcon.colcon_core.package_identification:_identify(src/ros_tutorials/turtlesim) by extension 'colcon_meta'
[3.324s] Level 1:colcon.colcon_core.package_identification:_identify(src/ros_tutorials/turtlesim) by extensions ['ros']
[3.324s] Level 1:colcon.colcon_core.package_identification:_identify(src/ros_tutorials/turtlesim) by extension 'ros'
[3.327s] DEBUG:colcon.colcon_core.package_identification:Package 'src/ros_tutorials/turtlesim' with type 'ros.ament_cmake' and name 'turtlesim'
[3.327s] Level 1:colcon.colcon_core.package_discovery:discover_packages(recursive) using defaults
[3.327s] Level 1:colcon.colcon_core.package_discovery:discover_packages(ignore) discover
[3.327s] Level 1:colcon.colcon_core.package_discovery:discover_packages(ignore) using defaults
[3.327s] Level 1:colcon.colcon_core.package_discovery:discover_packages(path) discover
[3.327s] Level 1:colcon.colcon_core.package_discovery:discover_packages(path) using defaults
[3.403s] INFO:colcon.colcon_core.package_selection:Skipping not selected package 'packageSample' in 'src/packageSample'
[3.404s] INFO:colcon.colcon_core.package_selection:Skipping not selected package 'py_pubsub' in 'src/py_pubsub'
[3.404s] INFO:colcon.colcon_core.package_selection:Skipping not selected package 'turtlesim' in 'src/ros_tutorials/turtlesim'
[3.405s] Level 1:colcon.colcon_core.package_discovery:discover_packages(prefix_path) check parameters
[3.405s] Level 1:colcon.colcon_core.package_discovery:discover_packages(prefix_path) discover
[3.412s] DEBUG:colcon.colcon_installed_package_information.package_discovery:Found 4 installed packages in /home/wiredauv2024/AUV/WIRED24-25/ros2/install
[3.415s] DEBUG:colcon.colcon_installed_package_information.package_discovery:Found 268 installed packages in /opt/ros/galactic
[3.418s] Level 1:colcon.colcon_core.package_discovery:discover_packages(prefix_path) using defaults
[3.722s] Level 5:colcon.colcon_core.verb:set package 'auv' build argument 'cmake_args' from command line to 'None'
[3.722s] Level 5:colcon.colcon_core.verb:set package 'auv' build argument 'cmake_target' from command line to 'None'
[3.722s] Level 5:colcon.colcon_core.verb:set package 'auv' build argument 'cmake_target_skip_unavailable' from command line to 'False'
[3.722s] Level 5:colcon.colcon_core.verb:set package 'auv' build argument 'cmake_clean_cache' from command line to 'False'
[3.722s] Level 5:colcon.colcon_core.verb:set package 'auv' build argument 'cmake_clean_first' from command line to 'False'
[3.722s] Level 5:colcon.colcon_core.verb:set package 'auv' build argument 'cmake_force_configure' from command line to 'False'
[3.722s] Level 5:colcon.colcon_core.verb:set package 'auv' build argument 'ament_cmake_args' from command line to 'None'
[3.722s] Level 5:colcon.colcon_core.verb:set package 'auv' build argument 'catkin_cmake_args' from command line to 'None'
[3.722s] Level 5:colcon.colcon_core.verb:set package 'auv' build argument 'catkin_skip_building_tests' from command line to 'False'
[3.722s] DEBUG:colcon.colcon_core.verb:Building package 'auv' with the following arguments: {'ament_cmake_args': None, 'build_base': '/home/wiredauv2024/AUV/WIRED24-25/ros2/build/auv', 'catkin_cmake_args': None, 'catkin_skip_building_tests': False, 'cmake_args': None, 'cmake_clean_cache': False, 'cmake_clean_first': False, 'cmake_force_configure': False, 'cmake_target': None, 'cmake_target_skip_unavailable': False, 'install_base': '/home/wiredauv2024/AUV/WIRED24-25/ros2/install/auv', 'merge_install': False, 'path': '/home/wiredauv2024/AUV/WIRED24-25/ros2/src/auv', 'symlink_install': False, 'test_result_base': None}
[3.723s] INFO:colcon.colcon_core.executor:Executing jobs using 'parallel' executor
[3.726s] DEBUG:colcon.colcon_parallel_executor.executor.parallel:run_until_complete
[3.727s] INFO:colcon.colcon_ros.task.ament_python.build:Building ROS package in '/home/wiredauv2024/AUV/WIRED24-25/ros2/src/auv' with build type 'ament_python'
[3.727s] Level 1:colcon.colcon_core.shell:create_environment_hook('auv', 'ament_prefix_path')
[3.875s] INFO:colcon.colcon_core.plugin_system:Skipping extension 'colcon_core.shell.bat': Not used on non-Windows systems
[3.876s] INFO:colcon.colcon_core.shell:Creating environment hook '/home/wiredauv2024/AUV/WIRED24-25/ros2/install/auv/share/auv/hook/ament_prefix_path.ps1'
[3.878s] INFO:colcon.colcon_core.shell:Creating environment descriptor '/home/wiredauv2024/AUV/WIRED24-25/ros2/install/auv/share/auv/hook/ament_prefix_path.dsv'
[3.881s] INFO:colcon.colcon_core.shell:Creating environment hook '/home/wiredauv2024/AUV/WIRED24-25/ros2/install/auv/share/auv/hook/ament_prefix_path.sh'
[3.885s] INFO:colcon.colcon_core.shell:Skip shell extension 'powershell' for command environment: Not usable outside of PowerShell
[3.885s] DEBUG:colcon.colcon_core.shell:Skip shell extension 'dsv' for command environment
[4.717s] INFO:colcon.colcon_core.task.python.build:Building Python package in '/home/wiredauv2024/AUV/WIRED24-25/ros2/src/auv'
[4.719s] INFO:colcon.colcon_core.shell:Skip shell extension 'powershell' for command environment: Not usable outside of PowerShell
[4.720s] DEBUG:colcon.colcon_core.shell:Skip shell extension 'dsv' for command environment
[7.503s] DEBUG:colcon.colcon_core.event_handler.log_command:Invoking command in '/home/wiredauv2024/AUV/WIRED24-25/ros2/src/auv': PYTHONPATH=/home/wiredauv2024/AUV/WIRED24-25/ros2/build/auv/prefix_override:/usr/lib/python3/dist-packages/colcon_core/task/python/colcon_distutils_commands:/home/wiredauv2024/AUV/WIRED24-25/ros2/install/auv/lib/python3.8/site-packages:${PYTHONPATH} /usr/bin/python3 -W ignore:setup.py install is deprecated -W ignore:easy_install command is deprecated setup.py egg_info --egg-base ../../build/auv build --build-base /home/wiredauv2024/AUV/WIRED24-25/ros2/build/auv/build install --record /home/wiredauv2024/AUV/WIRED24-25/ros2/build/auv/install.log --single-version-externally-managed install_data
[8.543s] DEBUG:colcon.colcon_core.event_handler.log_command:Invoked command in '/home/wiredauv2024/AUV/WIRED24-25/ros2/src/auv' returned '0': PYTHONPATH=/home/wiredauv2024/AUV/WIRED24-25/ros2/build/auv/prefix_override:/usr/lib/python3/dist-packages/colcon_core/task/python/colcon_distutils_commands:/home/wiredauv2024/AUV/WIRED24-25/ros2/install/auv/lib/python3.8/site-packages:${PYTHONPATH} /usr/bin/python3 -W ignore:setup.py install is deprecated -W ignore:easy_install command is deprecated setup.py egg_info --egg-base ../../build/auv build --build-base /home/wiredauv2024/AUV/WIRED24-25/ros2/build/auv/build install --record /home/wiredauv2024/AUV/WIRED24-25/ros2/build/auv/install.log --single-version-externally-managed install_data
[8.604s] Level 1:colcon.colcon_core.environment:checking '/home/wiredauv2024/AUV/WIRED24-25/ros2/install/auv' for CMake module files
[8.606s] Level 1:colcon.colcon_core.environment:checking '/home/wiredauv2024/AUV/WIRED24-25/ros2/install/auv' for CMake config files
[8.607s] Level 1:colcon.colcon_core.shell:create_environment_hook('auv', 'cmake_prefix_path')
[8.608s] INFO:colcon.colcon_core.shell:Creating environment hook '/home/wiredauv2024/AUV/WIRED24-25/ros2/install/auv/share/auv/hook/cmake_prefix_path.ps1'
[8.610s] INFO:colcon.colcon_core.shell:Creating environment descriptor '/home/wiredauv2024/AUV/WIRED24-25/ros2/install/auv/share/auv/hook/cmake_prefix_path.dsv'
[8.611s] INFO:colcon.colcon_core.shell:Creating environment hook '/home/wiredauv2024/AUV/WIRED24-25/ros2/install/auv/share/auv/hook/cmake_prefix_path.sh'
[8.613s] Level 1:colcon.colcon_core.environment:checking '/home/wiredauv2024/AUV/WIRED24-25/ros2/install/auv/lib'
[8.613s] Level 1:colcon.colcon_core.environment:checking '/home/wiredauv2024/AUV/WIRED24-25/ros2/install/auv/bin'
[8.613s] Level 1:colcon.colcon_core.environment:checking '/home/wiredauv2024/AUV/WIRED24-25/ros2/install/auv/lib/pkgconfig/auv.pc'
[8.614s] Level 1:colcon.colcon_core.environment:checking '/home/wiredauv2024/AUV/WIRED24-25/ros2/install/auv/lib/python3.8/site-packages'
[8.614s] Level 1:colcon.colcon_core.shell:create_environment_hook('auv', 'pythonpath')
[8.614s] INFO:colcon.colcon_core.shell:Creating environment hook '/home/wiredauv2024/AUV/WIRED24-25/ros2/install/auv/share/auv/hook/pythonpath.ps1'
[8.615s] INFO:colcon.colcon_core.shell:Creating environment descriptor '/home/wiredauv2024/AUV/WIRED24-25/ros2/install/auv/share/auv/hook/pythonpath.dsv'
[8.616s] INFO:colcon.colcon_core.shell:Creating environment hook '/home/wiredauv2024/AUV/WIRED24-25/ros2/install/auv/share/auv/hook/pythonpath.sh'
[8.617s] Level 1:colcon.colcon_core.environment:checking '/home/wiredauv2024/AUV/WIRED24-25/ros2/install/auv/bin'
[8.617s] Level 1:colcon.colcon_core.environment:create_environment_scripts_only(auv)
[8.618s] INFO:colcon.colcon_core.shell:Creating package script '/home/wiredauv2024/AUV/WIRED24-25/ros2/install/auv/share/auv/package.ps1'
[8.622s] INFO:colcon.colcon_core.shell:Creating package descriptor '/home/wiredauv2024/AUV/WIRED24-25/ros2/install/auv/share/auv/package.dsv'
[8.624s] INFO:colcon.colcon_core.shell:Creating package script '/home/wiredauv2024/AUV/WIRED24-25/ros2/install/auv/share/auv/package.sh'
[8.627s] INFO:colcon.colcon_core.shell:Creating package script '/home/wiredauv2024/AUV/WIRED24-25/ros2/install/auv/share/auv/package.bash'
[8.630s] INFO:colcon.colcon_core.shell:Creating package script '/home/wiredauv2024/AUV/WIRED24-25/ros2/install/auv/share/auv/package.zsh'
[8.633s] Level 1:colcon.colcon_core.environment:create_file_with_runtime_dependencies(/home/wiredauv2024/AUV/WIRED24-25/ros2/install/auv/share/colcon-core/packages/auv)
[8.635s] DEBUG:colcon.colcon_parallel_executor.executor.parallel:closing loop
[8.635s] DEBUG:colcon.colcon_parallel_executor.executor.parallel:loop closed
[8.636s] DEBUG:colcon.colcon_parallel_executor.executor.parallel:run_until_complete finished with '0'
[8.636s] DEBUG:colcon.colcon_core.event_reactor:joining thread
[8.652s] INFO:colcon.colcon_core.plugin_system:Skipping extension 'colcon_notification.desktop_notification.terminal_notifier': Not used on non-Darwin systems
[8.653s] INFO:colcon.colcon_core.plugin_system:Skipping extension 'colcon_notification.desktop_notification.win32': Not used on non-Windows systems
[8.653s] INFO:colcon.colcon_notification.desktop_notification:Sending desktop notification using 'notify2'
[8.712s] DEBUG:colcon.colcon_core.event_reactor:joined thread
[8.714s] INFO:colcon.colcon_core.shell:Creating prefix script '/home/wiredauv2024/AUV/WIRED24-25/ros2/install/local_setup.ps1'
[8.842s] INFO:colcon.colcon_core.shell:Creating prefix util module '/home/wiredauv2024/AUV/WIRED24-25/ros2/install/_local_setup_util_ps1.py'
[8.847s] INFO:colcon.colcon_core.shell:Creating prefix chain script '/home/wiredauv2024/AUV/WIRED24-25/ros2/install/setup.ps1'
[8.850s] INFO:colcon.colcon_core.shell:Creating prefix script '/home/wiredauv2024/AUV/WIRED24-25/ros2/install/local_setup.sh'
[8.853s] INFO:colcon.colcon_core.shell:Creating prefix util module '/home/wiredauv2024/AUV/WIRED24-25/ros2/install/_local_setup_util_sh.py'
[8.855s] INFO:colcon.colcon_core.shell:Creating prefix chain script '/home/wiredauv2024/AUV/WIRED24-25/ros2/install/setup.sh'
[8.859s] INFO:colcon.colcon_core.shell:Creating prefix script '/home/wiredauv2024/AUV/WIRED24-25/ros2/install/local_setup.bash'
[8.862s] INFO:colcon.colcon_core.shell:Creating prefix chain script '/home/wiredauv2024/AUV/WIRED24-25/ros2/install/setup.bash'
[8.866s] INFO:colcon.colcon_core.shell:Creating prefix script '/home/wiredauv2024/AUV/WIRED24-25/ros2/install/local_setup.zsh'
[8.871s] INFO:colcon.colcon_core.shell:Creating prefix chain script '/home/wiredauv2024/AUV/WIRED24-25/ros2/install/setup.zsh'
