[2.680s] Invoking command in '/home/wiredauv2024/AUV/WIRED24-25/ros2/src/py_pubsub': PYTHONPATH=/home/wiredauv2024/AUV/WIRED24-25/ros2/build/py_pubsub/prefix_override:/usr/lib/python3/dist-packages/colcon_core/task/python/colcon_distutils_commands:/home/wiredauv2024/AUV/WIRED24-25/ros2/install/py_pubsub/lib/python3.8/site-packages:${PYTHONPATH} /usr/bin/python3 -W ignore:setup.py install is deprecated -W ignore:easy_install command is deprecated setup.py egg_info --egg-base ../../build/py_pubsub build --build-base /home/wiredauv2024/AUV/WIRED24-25/ros2/build/py_pubsub/build install --record /home/wiredauv2024/AUV/WIRED24-25/ros2/build/py_pubsub/install.log --single-version-externally-managed install_data
[3.274s] running egg_info
[3.275s] writing ../../build/py_pubsub/py_pubsub.egg-info/PKG-INFO
[3.276s] writing dependency_links to ../../build/py_pubsub/py_pubsub.egg-info/dependency_links.txt
[3.276s] writing entry points to ../../build/py_pubsub/py_pubsub.egg-info/entry_points.txt
[3.276s] writing requirements to ../../build/py_pubsub/py_pubsub.egg-info/requires.txt
[3.277s] writing top-level names to ../../build/py_pubsub/py_pubsub.egg-info/top_level.txt
[3.284s] reading manifest file '../../build/py_pubsub/py_pubsub.egg-info/SOURCES.txt'
[3.286s] writing manifest file '../../build/py_pubsub/py_pubsub.egg-info/SOURCES.txt'
[3.286s] running build
[3.286s] running build_py
[3.287s] running install
[3.288s] running install_lib
[3.292s] running install_data
[3.292s] running install_egg_info
[3.296s] removing '/home/wiredauv2024/AUV/WIRED24-25/ros2/install/py_pubsub/lib/python3.8/site-packages/py_pubsub-0.0.0-py3.8.egg-info' (and everything under it)
[3.297s] Copying ../../build/py_pubsub/py_pubsub.egg-info to /home/wiredauv2024/AUV/WIRED24-25/ros2/install/py_pubsub/lib/python3.8/site-packages/py_pubsub-0.0.0-py3.8.egg-info
[3.300s] running install_scripts
[3.348s] Installing listener script to /home/wiredauv2024/AUV/WIRED24-25/ros2/install/py_pubsub/lib/py_pubsub
[3.348s] Installing talker script to /home/wiredauv2024/AUV/WIRED24-25/ros2/install/py_pubsub/lib/py_pubsub
[3.349s] writing list of installed files to '/home/wiredauv2024/AUV/WIRED24-25/ros2/build/py_pubsub/install.log'
[3.446s] Invoked command in '/home/wiredauv2024/AUV/WIRED24-25/ros2/src/py_pubsub' returned '0': PYTHONPATH=/home/wiredauv2024/AUV/WIRED24-25/ros2/build/py_pubsub/prefix_override:/usr/lib/python3/dist-packages/colcon_core/task/python/colcon_distutils_commands:/home/wiredauv2024/AUV/WIRED24-25/ros2/install/py_pubsub/lib/python3.8/site-packages:${PYTHONPATH} /usr/bin/python3 -W ignore:setup.py install is deprecated -W ignore:easy_install command is deprecated setup.py egg_info --egg-base ../../build/py_pubsub build --build-base /home/wiredauv2024/AUV/WIRED24-25/ros2/build/py_pubsub/build install --record /home/wiredauv2024/AUV/WIRED24-25/ros2/build/py_pubsub/install.log --single-version-externally-managed install_data
