[3.872s] Invoking command in '/home/wiredauv2024/AUV/WIRED24-25/ros2/src/auv': PYTHONPATH=/home/wiredauv2024/AUV/WIRED24-25/ros2/build/auv/prefix_override:/usr/lib/python3/dist-packages/colcon_core/task/python/colcon_distutils_commands:/home/wiredauv2024/AUV/WIRED24-25/ros2/install/auv/lib/python3.8/site-packages:${PYTHONPATH} /usr/bin/python3 -W ignore:setup.py install is deprecated -W ignore:easy_install command is deprecated setup.py egg_info --egg-base ../../build/auv build --build-base /home/wiredauv2024/AUV/WIRED24-25/ros2/build/auv/build install --record /home/wiredauv2024/AUV/WIRED24-25/ros2/build/auv/install.log --single-version-externally-managed install_data
[4.600s] running egg_info
[4.601s] writing ../../build/auv/auv.egg-info/PKG-INFO
[4.602s] writing dependency_links to ../../build/auv/auv.egg-info/dependency_links.txt
[4.602s] writing entry points to ../../build/auv/auv.egg-info/entry_points.txt
[4.603s] writing requirements to ../../build/auv/auv.egg-info/requires.txt
[4.603s] writing top-level names to ../../build/auv/auv.egg-info/top_level.txt
[4.751s] reading manifest file '../../build/auv/auv.egg-info/SOURCES.txt'
[4.754s] writing manifest file '../../build/auv/auv.egg-info/SOURCES.txt'
[4.754s] running build
[4.754s] running build_py
[4.756s] copying logic/cam_log.py -> /home/wiredauv2024/AUV/WIRED24-25/ros2/build/auv/build/lib/logic
[4.759s] running install
[4.760s] running install_lib
[4.763s] copying /home/wiredauv2024/AUV/WIRED24-25/ros2/build/auv/build/lib/logic/cam_log.py -> /home/wiredauv2024/AUV/WIRED24-25/ros2/install/auv/lib/python3.8/site-packages/logic
[4.765s] byte-compiling /home/wiredauv2024/AUV/WIRED24-25/ros2/install/auv/lib/python3.8/site-packages/logic/cam_log.py to cam_log.cpython-38.pyc
[4.767s] running install_data
[4.768s] running install_egg_info
[4.772s] removing '/home/wiredauv2024/AUV/WIRED24-25/ros2/install/auv/lib/python3.8/site-packages/auv-0.0.0-py3.8.egg-info' (and everything under it)
[4.773s] Copying ../../build/auv/auv.egg-info to /home/wiredauv2024/AUV/WIRED24-25/ros2/install/auv/lib/python3.8/site-packages/auv-0.0.0-py3.8.egg-info
[4.775s] running install_scripts
[4.819s] Installing cam_pub script to /home/wiredauv2024/AUV/WIRED24-25/ros2/install/auv/lib/auv
[4.820s] Installing ms_pub script to /home/wiredauv2024/AUV/WIRED24-25/ros2/install/auv/lib/auv
[4.820s] Installing ping_pub script to /home/wiredauv2024/AUV/WIRED24-25/ros2/install/auv/lib/auv
[4.820s] Installing sub_draft script to /home/wiredauv2024/AUV/WIRED24-25/ros2/install/auv/lib/auv
[4.821s] Installing sub_draft2 script to /home/wiredauv2024/AUV/WIRED24-25/ros2/install/auv/lib/auv
[4.821s] Installing vn_pub script to /home/wiredauv2024/AUV/WIRED24-25/ros2/install/auv/lib/auv
[4.822s] writing list of installed files to '/home/wiredauv2024/AUV/WIRED24-25/ros2/build/auv/install.log'
[4.911s] Invoked command in '/home/wiredauv2024/AUV/WIRED24-25/ros2/src/auv' returned '0': PYTHONPATH=/home/wiredauv2024/AUV/WIRED24-25/ros2/build/auv/prefix_override:/usr/lib/python3/dist-packages/colcon_core/task/python/colcon_distutils_commands:/home/wiredauv2024/AUV/WIRED24-25/ros2/install/auv/lib/python3.8/site-packages:${PYTHONPATH} /usr/bin/python3 -W ignore:setup.py install is deprecated -W ignore:easy_install command is deprecated setup.py egg_info --egg-base ../../build/auv build --build-base /home/wiredauv2024/AUV/WIRED24-25/ros2/build/auv/build install --record /home/wiredauv2024/AUV/WIRED24-25/ros2/build/auv/install.log --single-version-externally-managed install_data
