[1.710s] Invoking command in '/home/wiredauv2024/AUV/WIRED24-25/ros2/src/auv': PYTHONPATH=/home/wiredauv2024/AUV/WIRED24-25/ros2/build/auv/prefix_override:/usr/lib/python3/dist-packages/colcon_core/task/python/colcon_distutils_commands:/home/wiredauv2024/AUV/WIRED24-25/ros2/install/auv/lib/python3.8/site-packages:${PYTHONPATH} /usr/bin/python3 -W ignore:setup.py install is deprecated -W ignore:easy_install command is deprecated setup.py egg_info --egg-base ../../build/auv build --build-base /home/wiredauv2024/AUV/WIRED24-25/ros2/build/auv/build install --record /home/wiredauv2024/AUV/WIRED24-25/ros2/build/auv/install.log --single-version-externally-managed install_data
[2.347s] running egg_info
[2.347s] writing ../../build/auv/auv.egg-info/PKG-INFO
[2.348s] writing dependency_links to ../../build/auv/auv.egg-info/dependency_links.txt
[2.348s] writing entry points to ../../build/auv/auv.egg-info/entry_points.txt
[2.348s] writing requirements to ../../build/auv/auv.egg-info/requires.txt
[2.349s] writing top-level names to ../../build/auv/auv.egg-info/top_level.txt
[2.359s] reading manifest file '../../build/auv/auv.egg-info/SOURCES.txt'
[2.361s] writing manifest file '../../build/auv/auv.egg-info/SOURCES.txt'
[2.362s] running build
[2.362s] running build_py
[2.363s] running install
[2.365s] running install_lib
[2.368s] running install_data
[2.369s] running install_egg_info
[2.372s] removing '/home/wiredauv2024/AUV/WIRED24-25/ros2/install/auv/lib/python3.8/site-packages/auv-0.0.0-py3.8.egg-info' (and everything under it)
[2.373s] Copying ../../build/auv/auv.egg-info to /home/wiredauv2024/AUV/WIRED24-25/ros2/install/auv/lib/python3.8/site-packages/auv-0.0.0-py3.8.egg-info
[2.376s] running install_scripts
[2.424s] Installing cam_pub script to /home/wiredauv2024/AUV/WIRED24-25/ros2/install/auv/lib/auv
[2.424s] Installing ms_pub script to /home/wiredauv2024/AUV/WIRED24-25/ros2/install/auv/lib/auv
[2.424s] Installing ping_pub script to /home/wiredauv2024/AUV/WIRED24-25/ros2/install/auv/lib/auv
[2.424s] Installing sub_draft script to /home/wiredauv2024/AUV/WIRED24-25/ros2/install/auv/lib/auv
[2.425s] Installing sub_draft2 script to /home/wiredauv2024/AUV/WIRED24-25/ros2/install/auv/lib/auv
[2.425s] Installing vn_pub script to /home/wiredauv2024/AUV/WIRED24-25/ros2/install/auv/lib/auv
[2.425s] writing list of installed files to '/home/wiredauv2024/AUV/WIRED24-25/ros2/build/auv/install.log'
[2.518s] Invoked command in '/home/wiredauv2024/AUV/WIRED24-25/ros2/src/auv' returned '0': PYTHONPATH=/home/wiredauv2024/AUV/WIRED24-25/ros2/build/auv/prefix_override:/usr/lib/python3/dist-packages/colcon_core/task/python/colcon_distutils_commands:/home/wiredauv2024/AUV/WIRED24-25/ros2/install/auv/lib/python3.8/site-packages:${PYTHONPATH} /usr/bin/python3 -W ignore:setup.py install is deprecated -W ignore:easy_install command is deprecated setup.py egg_info --egg-base ../../build/auv build --build-base /home/wiredauv2024/AUV/WIRED24-25/ros2/build/auv/build install --record /home/wiredauv2024/AUV/WIRED24-25/ros2/build/auv/install.log --single-version-externally-managed install_data
