running egg_info
writing ../../build/auv/auv.egg-info/PKG-INFO
writing dependency_links to ../../build/auv/auv.egg-info/dependency_links.txt
writing entry points to ../../build/auv/auv.egg-info/entry_points.txt
writing requirements to ../../build/auv/auv.egg-info/requires.txt
writing top-level names to ../../build/auv/auv.egg-info/top_level.txt
reading manifest file '../../build/auv/auv.egg-info/SOURCES.txt'
writing manifest file '../../build/auv/auv.egg-info/SOURCES.txt'
running build
running build_py
copying logic/vn_log.py -> /home/wiredauv2024/AUV/WIRED24-25/ros2/build/auv/build/lib/logic
copying logic/__init__.py -> /home/wiredauv2024/AUV/WIRED24-25/ros2/build/auv/build/lib/logic
copying logic/vn_logic.py -> /home/wiredauv2024/AUV/WIRED24-25/ros2/build/auv/build/lib/logic
copying logic/cam_log.py -> /home/wiredauv2024/AUV/WIRED24-25/ros2/build/auv/build/lib/logic
copying auv/ms_pub.py -> /home/wiredauv2024/AUV/WIRED24-25/ros2/build/auv/build/lib/auv
copying auv/vn_pub.py -> /home/wiredauv2024/AUV/WIRED24-25/ros2/build/auv/build/lib/auv
copying auv/__init__.py -> /home/wiredauv2024/AUV/WIRED24-25/ros2/build/auv/build/lib/auv
copying auv/sub_draft2.py -> /home/wiredauv2024/AUV/WIRED24-25/ros2/build/auv/build/lib/auv
copying auv/sub_draft.py -> /home/wiredauv2024/AUV/WIRED24-25/ros2/build/auv/build/lib/auv
copying auv/cam_pub.py -> /home/wiredauv2024/AUV/WIRED24-25/ros2/build/auv/build/lib/auv
copying auv/ping_pub.py -> /home/wiredauv2024/AUV/WIRED24-25/ros2/build/auv/build/lib/auv
running install
running install_lib
copying /home/wiredauv2024/AUV/WIRED24-25/ros2/build/auv/build/lib/auv/sub_draft2.py -> /home/wiredauv2024/AUV/WIRED24-25/ros2/install/auv/lib/python3.8/site-packages/auv
byte-compiling /home/wiredauv2024/AUV/WIRED24-25/ros2/install/auv/lib/python3.8/site-packages/auv/sub_draft2.py to sub_draft2.cpython-38.pyc
running install_data
copying resource/auv -> /home/wiredauv2024/AUV/WIRED24-25/ros2/install/auv/share/ament_index/resource_index/packages
copying package.xml -> /home/wiredauv2024/AUV/WIRED24-25/ros2/install/auv/share/auv
running install_egg_info
removing '/home/wiredauv2024/AUV/WIRED24-25/ros2/install/auv/lib/python3.8/site-packages/auv-0.0.0-py3.8.egg-info' (and everything under it)
Copying ../../build/auv/auv.egg-info to /home/wiredauv2024/AUV/WIRED24-25/ros2/install/auv/lib/python3.8/site-packages/auv-0.0.0-py3.8.egg-info
running install_scripts
Installing cam_pub script to /home/wiredauv2024/AUV/WIRED24-25/ros2/install/auv/lib/auv
Installing ms_pub script to /home/wiredauv2024/AUV/WIRED24-25/ros2/install/auv/lib/auv
Installing ping_pub script to /home/wiredauv2024/AUV/WIRED24-25/ros2/install/auv/lib/auv
Installing sub_draft script to /home/wiredauv2024/AUV/WIRED24-25/ros2/install/auv/lib/auv
Installing sub_draft2 script to /home/wiredauv2024/AUV/WIRED24-25/ros2/install/auv/lib/auv
Installing vn_pub script to /home/wiredauv2024/AUV/WIRED24-25/ros2/install/auv/lib/auv
writing list of installed files to '/home/wiredauv2024/AUV/WIRED24-25/ros2/build/auv/install.log'
