[3.342s] Invoking command in '/home/wiredauv2024/AUV/WIRED24-25/ros2/src/py_pubsub': PYTHONPATH=/home/wiredauv2024/AUV/WIRED24-25/ros2/build/py_pubsub/prefix_override:/usr/lib/python3/dist-packages/colcon_core/task/python/colcon_distutils_commands:/home/wiredauv2024/AUV/WIRED24-25/ros2/install/py_pubsub/lib/python3.8/site-packages:${PYTHONPATH} /usr/bin/python3 -W ignore:setup.py install is deprecated -W ignore:easy_install command is deprecated setup.py egg_info --egg-base ../../build/py_pubsub build --build-base /home/wiredauv2024/AUV/WIRED24-25/ros2/build/py_pubsub/build install --record /home/wiredauv2024/AUV/WIRED24-25/ros2/build/py_pubsub/install.log --single-version-externally-managed install_data
[3.960s] running egg_info
[3.961s] writing ../../build/py_pubsub/py_pubsub.egg-info/PKG-INFO
[4.068s] writing dependency_links to ../../build/py_pubsub/py_pubsub.egg-info/dependency_links.txt
[4.068s] writing entry points to ../../build/py_pubsub/py_pubsub.egg-info/entry_points.txt
[4.069s] writing requirements to ../../build/py_pubsub/py_pubsub.egg-info/requires.txt
[4.069s] writing top-level names to ../../build/py_pubsub/py_pubsub.egg-info/top_level.txt
[4.083s] reading manifest file '../../build/py_pubsub/py_pubsub.egg-info/SOURCES.txt'
[4.085s] writing manifest file '../../build/py_pubsub/py_pubsub.egg-info/SOURCES.txt'
[4.086s] running build
[4.086s] running build_py
[4.091s] running install
[4.093s] running install_lib
[4.098s] running install_data
[4.099s] running install_egg_info
[4.104s] removing '/home/wiredauv2024/AUV/WIRED24-25/ros2/install/py_pubsub/lib/python3.8/site-packages/py_pubsub-0.0.0-py3.8.egg-info' (and everything under it)
[4.105s] Copying ../../build/py_pubsub/py_pubsub.egg-info to /home/wiredauv2024/AUV/WIRED24-25/ros2/install/py_pubsub/lib/python3.8/site-packages/py_pubsub-0.0.0-py3.8.egg-info
[4.107s] running install_scripts
[4.155s] Installing listener script to /home/wiredauv2024/AUV/WIRED24-25/ros2/install/py_pubsub/lib/py_pubsub
[4.293s] Installing talker script to /home/wiredauv2024/AUV/WIRED24-25/ros2/install/py_pubsub/lib/py_pubsub
[4.294s] writing list of installed files to '/home/wiredauv2024/AUV/WIRED24-25/ros2/build/py_pubsub/install.log'
[4.387s] Invoked command in '/home/wiredauv2024/AUV/WIRED24-25/ros2/src/py_pubsub' returned '0': PYTHONPATH=/home/wiredauv2024/AUV/WIRED24-25/ros2/build/py_pubsub/prefix_override:/usr/lib/python3/dist-packages/colcon_core/task/python/colcon_distutils_commands:/home/wiredauv2024/AUV/WIRED24-25/ros2/install/py_pubsub/lib/python3.8/site-packages:${PYTHONPATH} /usr/bin/python3 -W ignore:setup.py install is deprecated -W ignore:easy_install command is deprecated setup.py egg_info --egg-base ../../build/py_pubsub build --build-base /home/wiredauv2024/AUV/WIRED24-25/ros2/build/py_pubsub/build install --record /home/wiredauv2024/AUV/WIRED24-25/ros2/build/py_pubsub/install.log --single-version-externally-managed install_data
