[3.668s] Invoking command in '/home/wiredauv2024/AUV/WIRED24-25/ros2/src/auv': PYTHONPATH=/home/wiredauv2024/AUV/WIRED24-25/ros2/build/auv/prefix_override:/usr/lib/python3/dist-packages/colcon_core/task/python/colcon_distutils_commands:/home/wiredauv2024/AUV/WIRED24-25/ros2/install/auv/lib/python3.8/site-packages:${PYTHONPATH} /usr/bin/python3 -W ignore:setup.py install is deprecated -W ignore:easy_install command is deprecated setup.py egg_info --egg-base ../../build/auv build --build-base /home/wiredauv2024/AUV/WIRED24-25/ros2/build/auv/build install --record /home/wiredauv2024/AUV/WIRED24-25/ros2/build/auv/install.log --single-version-externally-managed install_data
[4.254s] running egg_info
[4.255s] creating ../../build/auv/auv.egg-info
[4.255s] writing ../../build/auv/auv.egg-info/PKG-INFO
[4.256s] writing dependency_links to ../../build/auv/auv.egg-info/dependency_links.txt
[4.256s] writing entry points to ../../build/auv/auv.egg-info/entry_points.txt
[4.256s] writing requirements to ../../build/auv/auv.egg-info/requires.txt
[4.256s] writing top-level names to ../../build/auv/auv.egg-info/top_level.txt
[4.400s] writing manifest file '../../build/auv/auv.egg-info/SOURCES.txt'
[4.404s] reading manifest file '../../build/auv/auv.egg-info/SOURCES.txt'
[4.406s] writing manifest file '../../build/auv/auv.egg-info/SOURCES.txt'
[4.406s] running build
[4.407s] running build_py
[4.407s] creating /home/wiredauv2024/AUV/WIRED24-25/ros2/build/auv/build
[4.407s] creating /home/wiredauv2024/AUV/WIRED24-25/ros2/build/auv/build/lib
[4.407s] creating /home/wiredauv2024/AUV/WIRED24-25/ros2/build/auv/build/lib/auv
[4.408s] copying auv/vn_pub.py -> /home/wiredauv2024/AUV/WIRED24-25/ros2/build/auv/build/lib/auv
[4.408s] copying auv/__init__.py -> /home/wiredauv2024/AUV/WIRED24-25/ros2/build/auv/build/lib/auv
[4.408s] running install
[4.409s] running install_lib
[4.411s] creating /home/wiredauv2024/AUV/WIRED24-25/ros2/install/auv/lib/python3.8/site-packages/auv
[4.412s] copying /home/wiredauv2024/AUV/WIRED24-25/ros2/build/auv/build/lib/auv/vn_pub.py -> /home/wiredauv2024/AUV/WIRED24-25/ros2/install/auv/lib/python3.8/site-packages/auv
[4.412s] copying /home/wiredauv2024/AUV/WIRED24-25/ros2/build/auv/build/lib/auv/__init__.py -> /home/wiredauv2024/AUV/WIRED24-25/ros2/install/auv/lib/python3.8/site-packages/auv
[4.413s] byte-compiling /home/wiredauv2024/AUV/WIRED24-25/ros2/install/auv/lib/python3.8/site-packages/auv/vn_pub.py to vn_pub.cpython-38.pyc
[4.414s] Sorry: TabError: inconsistent use of tabs and spaces in indentation (vn_pub.py, line 19)
[4.414s] byte-compiling /home/wiredauv2024/AUV/WIRED24-25/ros2/install/auv/lib/python3.8/site-packages/auv/__init__.py to __init__.cpython-38.pyc
[4.414s] running install_data
[4.416s] copying resource/auv -> /home/wiredauv2024/AUV/WIRED24-25/ros2/install/auv/share/ament_index/resource_index/packages
[4.416s] copying package.xml -> /home/wiredauv2024/AUV/WIRED24-25/ros2/install/auv/share/auv
[4.416s] running install_egg_info
[4.420s] Copying ../../build/auv/auv.egg-info to /home/wiredauv2024/AUV/WIRED24-25/ros2/install/auv/lib/python3.8/site-packages/auv-0.0.0-py3.8.egg-info
[4.422s] running install_scripts
[4.467s] Installing vn_pub script to /home/wiredauv2024/AUV/WIRED24-25/ros2/install/auv/lib/auv
[4.468s] writing list of installed files to '/home/wiredauv2024/AUV/WIRED24-25/ros2/build/auv/install.log'
[4.557s] Invoked command in '/home/wiredauv2024/AUV/WIRED24-25/ros2/src/auv' returned '0': PYTHONPATH=/home/wiredauv2024/AUV/WIRED24-25/ros2/build/auv/prefix_override:/usr/lib/python3/dist-packages/colcon_core/task/python/colcon_distutils_commands:/home/wiredauv2024/AUV/WIRED24-25/ros2/install/auv/lib/python3.8/site-packages:${PYTHONPATH} /usr/bin/python3 -W ignore:setup.py install is deprecated -W ignore:easy_install command is deprecated setup.py egg_info --egg-base ../../build/auv build --build-base /home/wiredauv2024/AUV/WIRED24-25/ros2/build/auv/build install --record /home/wiredauv2024/AUV/WIRED24-25/ros2/build/auv/install.log --single-version-externally-managed install_data
