[1.779s] Invoking command in '/home/wiredauv2024/AUV/WIRED24-25/ros2/src/auv': PYTHONPATH=/home/wiredauv2024/AUV/WIRED24-25/ros2/build/auv/prefix_override:/usr/lib/python3/dist-packages/colcon_core/task/python/colcon_distutils_commands:/home/wiredauv2024/AUV/WIRED24-25/ros2/install/auv/lib/python3.8/site-packages:${PYTHONPATH} /usr/bin/python3 -W ignore:setup.py install is deprecated -W ignore:easy_install command is deprecated setup.py egg_info --egg-base ../../build/auv build --build-base /home/wiredauv2024/AUV/WIRED24-25/ros2/build/auv/build install --record /home/wiredauv2024/AUV/WIRED24-25/ros2/build/auv/install.log --single-version-externally-managed install_data
[2.394s] running egg_info
[2.394s] writing ../../build/auv/auv.egg-info/PKG-INFO
[2.395s] writing dependency_links to ../../build/auv/auv.egg-info/dependency_links.txt
[2.395s] writing entry points to ../../build/auv/auv.egg-info/entry_points.txt
[2.396s] writing requirements to ../../build/auv/auv.egg-info/requires.txt
[2.396s] writing top-level names to ../../build/auv/auv.egg-info/top_level.txt
[2.410s] reading manifest file '../../build/auv/auv.egg-info/SOURCES.txt'
[2.411s] writing manifest file '../../build/auv/auv.egg-info/SOURCES.txt'
[2.412s] running build
[2.412s] running build_py
[2.412s] copying logic/cam_log.py -> /home/wiredauv2024/AUV/WIRED24-25/ros2/build/auv/build/lib/logic
[2.412s] copying logic/vn_logic.py -> /home/wiredauv2024/AUV/WIRED24-25/ros2/build/auv/build/lib/logic
[2.413s] copying auv/cam_pub.py -> /home/wiredauv2024/AUV/WIRED24-25/ros2/build/auv/build/lib/auv
[2.414s] running install
[2.416s] running install_lib
[2.418s] copying /home/wiredauv2024/AUV/WIRED24-25/ros2/build/auv/build/lib/logic/cam_log.py -> /home/wiredauv2024/AUV/WIRED24-25/ros2/install/auv/lib/python3.8/site-packages/logic
[2.419s] copying /home/wiredauv2024/AUV/WIRED24-25/ros2/build/auv/build/lib/logic/vn_logic.py -> /home/wiredauv2024/AUV/WIRED24-25/ros2/install/auv/lib/python3.8/site-packages/logic
[2.419s] copying /home/wiredauv2024/AUV/WIRED24-25/ros2/build/auv/build/lib/auv/cam_pub.py -> /home/wiredauv2024/AUV/WIRED24-25/ros2/install/auv/lib/python3.8/site-packages/auv
[2.421s] byte-compiling /home/wiredauv2024/AUV/WIRED24-25/ros2/install/auv/lib/python3.8/site-packages/logic/cam_log.py to cam_log.cpython-38.pyc
[2.421s] byte-compiling /home/wiredauv2024/AUV/WIRED24-25/ros2/install/auv/lib/python3.8/site-packages/logic/vn_logic.py to vn_logic.cpython-38.pyc
[2.422s] byte-compiling /home/wiredauv2024/AUV/WIRED24-25/ros2/install/auv/lib/python3.8/site-packages/auv/cam_pub.py to cam_pub.cpython-38.pyc
[2.423s] running install_data
[2.424s] running install_egg_info
[2.428s] removing '/home/wiredauv2024/AUV/WIRED24-25/ros2/install/auv/lib/python3.8/site-packages/auv-0.0.0-py3.8.egg-info' (and everything under it)
[2.429s] Copying ../../build/auv/auv.egg-info to /home/wiredauv2024/AUV/WIRED24-25/ros2/install/auv/lib/python3.8/site-packages/auv-0.0.0-py3.8.egg-info
[2.431s] running install_scripts
[2.477s] Installing cam_pub script to /home/wiredauv2024/AUV/WIRED24-25/ros2/install/auv/lib/auv
[2.477s] Installing ms_pub script to /home/wiredauv2024/AUV/WIRED24-25/ros2/install/auv/lib/auv
[2.477s] Installing ping_pub script to /home/wiredauv2024/AUV/WIRED24-25/ros2/install/auv/lib/auv
[2.477s] Installing sub_draft script to /home/wiredauv2024/AUV/WIRED24-25/ros2/install/auv/lib/auv
[2.477s] Installing sub_draft2 script to /home/wiredauv2024/AUV/WIRED24-25/ros2/install/auv/lib/auv
[2.478s] Installing vn_pub script to /home/wiredauv2024/AUV/WIRED24-25/ros2/install/auv/lib/auv
[2.479s] writing list of installed files to '/home/wiredauv2024/AUV/WIRED24-25/ros2/build/auv/install.log'
[2.568s] Invoked command in '/home/wiredauv2024/AUV/WIRED24-25/ros2/src/auv' returned '0': PYTHONPATH=/home/wiredauv2024/AUV/WIRED24-25/ros2/build/auv/prefix_override:/usr/lib/python3/dist-packages/colcon_core/task/python/colcon_distutils_commands:/home/wiredauv2024/AUV/WIRED24-25/ros2/install/auv/lib/python3.8/site-packages:${PYTHONPATH} /usr/bin/python3 -W ignore:setup.py install is deprecated -W ignore:easy_install command is deprecated setup.py egg_info --egg-base ../../build/auv build --build-base /home/wiredauv2024/AUV/WIRED24-25/ros2/build/auv/build install --record /home/wiredauv2024/AUV/WIRED24-25/ros2/build/auv/install.log --single-version-externally-managed install_data
